{"/Users/ryoukeyuusuke/simple_notion/frontend/eslint.config.js": {"path":"/Users/ryoukeyuusuke/simple_notion/frontend/eslint.config.js","all":true,"statementMap":{"0":{"start":{"line":1,"column":0},"end":{"line":1,"column":27}},"1":{"start":{"line":2,"column":0},"end":{"line":2,"column":29}},"2":{"start":{"line":3,"column":0},"end":{"line":3,"column":50}},"3":{"start":{"line":4,"column":0},"end":{"line":4,"column":54}},"4":{"start":{"line":5,"column":0},"end":{"line":5,"column":40}},"5":{"start":{"line":6,"column":0},"end":{"line":6,"column":45}},"7":{"start":{"line":8,"column":0},"end":{"line":8,"column":32}},"8":{"start":{"line":9,"column":0},"end":{"line":9,"column":26}},"9":{"start":{"line":10,"column":0},"end":{"line":10,"column":3}},"10":{"start":{"line":11,"column":0},"end":{"line":11,"column":29}},"11":{"start":{"line":12,"column":0},"end":{"line":12,"column":14}},"12":{"start":{"line":13,"column":0},"end":{"line":13,"column":29}},"13":{"start":{"line":14,"column":0},"end":{"line":14,"column":35}},"14":{"start":{"line":15,"column":0},"end":{"line":15,"column":47}},"15":{"start":{"line":16,"column":0},"end":{"line":16,"column":32}},"16":{"start":{"line":17,"column":0},"end":{"line":17,"column":6}},"17":{"start":{"line":18,"column":0},"end":{"line":18,"column":22}},"18":{"start":{"line":19,"column":0},"end":{"line":19,"column":24}},"19":{"start":{"line":20,"column":0},"end":{"line":20,"column":31}},"20":{"start":{"line":21,"column":0},"end":{"line":21,"column":6}},"21":{"start":{"line":22,"column":0},"end":{"line":22,"column":4}},"22":{"start":{"line":23,"column":0},"end":{"line":23,"column":2}}},"s":{"0":0,"1":0,"2":0,"3":0,"4":0,"5":0,"7":0,"8":0,"9":0,"10":0,"11":0,"12":0,"13":0,"14":0,"15":0,"16":0,"17":0,"18":0,"19":0,"20":0,"21":0,"22":0},"branchMap":{"0":{"type":"branch","line":1,"loc":{"start":{"line":1,"column":609},"end":{"line":23,"column":2}},"locations":[{"start":{"line":1,"column":609},"end":{"line":23,"column":2}}]}},"b":{"0":[0]},"fnMap":{"0":{"name":"(empty-report)","decl":{"start":{"line":1,"column":609},"end":{"line":23,"column":2}},"loc":{"start":{"line":1,"column":609},"end":{"line":23,"column":2}},"line":1}},"f":{"0":0}}
,"/Users/ryoukeyuusuke/simple_notion/frontend/postcss.config.js": {"path":"/Users/ryoukeyuusuke/simple_notion/frontend/postcss.config.js","all":true,"statementMap":{"0":{"start":{"line":1,"column":0},"end":{"line":1,"column":16}},"1":{"start":{"line":2,"column":0},"end":{"line":2,"column":12}},"2":{"start":{"line":3,"column":0},"end":{"line":3,"column":31}},"3":{"start":{"line":4,"column":0},"end":{"line":4,"column":21}},"4":{"start":{"line":5,"column":0},"end":{"line":5,"column":4}},"5":{"start":{"line":6,"column":0},"end":{"line":6,"column":1}}},"s":{"0":0,"1":0,"2":0,"3":0,"4":0,"5":0},"branchMap":{"0":{"type":"branch","line":1,"loc":{"start":{"line":1,"column":90},"end":{"line":6,"column":1}},"locations":[{"start":{"line":1,"column":90},"end":{"line":6,"column":1}}]}},"b":{"0":[0]},"fnMap":{"0":{"name":"(empty-report)","decl":{"start":{"line":1,"column":90},"end":{"line":6,"column":1}},"loc":{"start":{"line":1,"column":90},"end":{"line":6,"column":1}},"line":1}},"f":{"0":0}}
,"/Users/ryoukeyuusuke/simple_notion/frontend/tailwind.config.js": {"path":"/Users/ryoukeyuusuke/simple_notion/frontend/tailwind.config.js","all":true,"statementMap":{"0":{"start":{"line":1,"column":0},"end":{"line":1,"column":43}},"1":{"start":{"line":2,"column":0},"end":{"line":2,"column":16}},"2":{"start":{"line":3,"column":0},"end":{"line":3,"column":22}},"3":{"start":{"line":4,"column":0},"end":{"line":4,"column":12}},"4":{"start":{"line":5,"column":0},"end":{"line":5,"column":19}},"5":{"start":{"line":6,"column":0},"end":{"line":6,"column":33}},"6":{"start":{"line":7,"column":0},"end":{"line":7,"column":4}},"7":{"start":{"line":8,"column":0},"end":{"line":8,"column":10}},"8":{"start":{"line":9,"column":0},"end":{"line":9,"column":13}},"9":{"start":{"line":10,"column":0},"end":{"line":10,"column":15}},"10":{"start":{"line":11,"column":0},"end":{"line":11,"column":37}},"11":{"start":{"line":12,"column":0},"end":{"line":12,"column":35}},"12":{"start":{"line":13,"column":0},"end":{"line":13,"column":33}},"13":{"start":{"line":14,"column":0},"end":{"line":14,"column":45}},"14":{"start":{"line":15,"column":0},"end":{"line":15,"column":45}},"15":{"start":{"line":16,"column":0},"end":{"line":16,"column":18}},"16":{"start":{"line":17,"column":0},"end":{"line":17,"column":41}},"17":{"start":{"line":18,"column":0},"end":{"line":18,"column":55}},"18":{"start":{"line":19,"column":0},"end":{"line":19,"column":10}},"19":{"start":{"line":20,"column":0},"end":{"line":20,"column":20}},"20":{"start":{"line":21,"column":0},"end":{"line":21,"column":43}},"21":{"start":{"line":22,"column":0},"end":{"line":22,"column":57}},"22":{"start":{"line":23,"column":0},"end":{"line":23,"column":10}},"23":{"start":{"line":24,"column":0},"end":{"line":24,"column":22}},"24":{"start":{"line":25,"column":0},"end":{"line":25,"column":45}},"25":{"start":{"line":26,"column":0},"end":{"line":26,"column":59}},"26":{"start":{"line":27,"column":0},"end":{"line":27,"column":10}},"27":{"start":{"line":28,"column":0},"end":{"line":28,"column":16}},"28":{"start":{"line":29,"column":0},"end":{"line":29,"column":39}},"29":{"start":{"line":30,"column":0},"end":{"line":30,"column":53}},"30":{"start":{"line":31,"column":0},"end":{"line":31,"column":10}},"31":{"start":{"line":32,"column":0},"end":{"line":32,"column":17}},"32":{"start":{"line":33,"column":0},"end":{"line":33,"column":40}},"33":{"start":{"line":34,"column":0},"end":{"line":34,"column":54}},"34":{"start":{"line":35,"column":0},"end":{"line":35,"column":10}},"35":{"start":{"line":36,"column":0},"end":{"line":36,"column":18}},"36":{"start":{"line":37,"column":0},"end":{"line":37,"column":41}},"37":{"start":{"line":38,"column":0},"end":{"line":38,"column":55}},"38":{"start":{"line":39,"column":0},"end":{"line":39,"column":10}},"39":{"start":{"line":40,"column":0},"end":{"line":40,"column":15}},"40":{"start":{"line":41,"column":0},"end":{"line":41,"column":38}},"41":{"start":{"line":42,"column":0},"end":{"line":42,"column":52}},"42":{"start":{"line":43,"column":0},"end":{"line":43,"column":10}},"43":{"start":{"line":44,"column":0},"end":{"line":44,"column":8}},"44":{"start":{"line":45,"column":0},"end":{"line":45,"column":21}},"45":{"start":{"line":46,"column":0},"end":{"line":46,"column":28}},"46":{"start":{"line":47,"column":0},"end":{"line":47,"column":40}},"47":{"start":{"line":48,"column":0},"end":{"line":48,"column":40}},"48":{"start":{"line":49,"column":0},"end":{"line":49,"column":8}},"49":{"start":{"line":50,"column":0},"end":{"line":50,"column":6}},"50":{"start":{"line":51,"column":0},"end":{"line":51,"column":4}},"51":{"start":{"line":52,"column":0},"end":{"line":52,"column":14}},"52":{"start":{"line":53,"column":0},"end":{"line":53,"column":1}}},"s":{"0":0,"1":0,"2":0,"3":0,"4":0,"5":0,"6":0,"7":0,"8":0,"9":0,"10":0,"11":0,"12":0,"13":0,"14":0,"15":0,"16":0,"17":0,"18":0,"19":0,"20":0,"21":0,"22":0,"23":0,"24":0,"25":0,"26":0,"27":0,"28":0,"29":0,"30":0,"31":0,"32":0,"33":0,"34":0,"35":0,"36":0,"37":0,"38":0,"39":0,"40":0,"41":0,"42":0,"43":0,"44":0,"45":0,"46":0,"47":0,"48":0,"49":0,"50":0,"51":0,"52":0},"branchMap":{"0":{"type":"branch","line":1,"loc":{"start":{"line":1,"column":1472},"end":{"line":53,"column":1}},"locations":[{"start":{"line":1,"column":1472},"end":{"line":53,"column":1}}]}},"b":{"0":[0]},"fnMap":{"0":{"name":"(empty-report)","decl":{"start":{"line":1,"column":1472},"end":{"line":53,"column":1}},"loc":{"start":{"line":1,"column":1472},"end":{"line":53,"column":1}},"line":1}},"f":{"0":0}}
,"/Users/ryoukeyuusuke/simple_notion/frontend/vite.config.ts": {"path":"/Users/ryoukeyuusuke/simple_notion/frontend/vite.config.ts","all":true,"statementMap":{"0":{"start":{"line":1,"column":0},"end":{"line":1,"column":35}},"1":{"start":{"line":2,"column":0},"end":{"line":2,"column":40}},"2":{"start":{"line":3,"column":0},"end":{"line":3,"column":23}},"3":{"start":{"line":4,"column":0},"end":{"line":4,"column":40}},"6":{"start":{"line":7,"column":0},"end":{"line":7,"column":29}},"7":{"start":{"line":8,"column":0},"end":{"line":8,"column":21}},"8":{"start":{"line":9,"column":0},"end":{"line":9,"column":12}},"9":{"start":{"line":10,"column":0},"end":{"line":10,"column":12}},"10":{"start":{"line":11,"column":0},"end":{"line":11,"column":79}},"11":{"start":{"line":12,"column":0},"end":{"line":12,"column":6}},"12":{"start":{"line":13,"column":0},"end":{"line":13,"column":4}},"13":{"start":{"line":14,"column":0},"end":{"line":14,"column":11}},"14":{"start":{"line":15,"column":0},"end":{"line":15,"column":51}},"15":{"start":{"line":16,"column":0},"end":{"line":16,"column":47}},"16":{"start":{"line":17,"column":0},"end":{"line":17,"column":42}},"17":{"start":{"line":18,"column":0},"end":{"line":18,"column":12}},"18":{"start":{"line":19,"column":0},"end":{"line":19,"column":15}},"19":{"start":{"line":20,"column":0},"end":{"line":20,"column":38}},"20":{"start":{"line":21,"column":0},"end":{"line":21,"column":27}},"21":{"start":{"line":22,"column":0},"end":{"line":22,"column":22}},"22":{"start":{"line":23,"column":0},"end":{"line":23,"column":8}},"23":{"start":{"line":24,"column":0},"end":{"line":24,"column":6}},"24":{"start":{"line":25,"column":0},"end":{"line":25,"column":4}},"25":{"start":{"line":26,"column":0},"end":{"line":26,"column":11}},"27":{"start":{"line":28,"column":0},"end":{"line":28,"column":25}},"28":{"start":{"line":29,"column":0},"end":{"line":29,"column":4}},"29":{"start":{"line":30,"column":0},"end":{"line":30,"column":17}},"31":{"start":{"line":32,"column":0},"end":{"line":32,"column":36}},"32":{"start":{"line":33,"column":0},"end":{"line":33,"column":4}},"33":{"start":{"line":34,"column":0},"end":{"line":34,"column":12}},"34":{"start":{"line":35,"column":0},"end":{"line":35,"column":20}},"35":{"start":{"line":36,"column":0},"end":{"line":36,"column":15}},"36":{"start":{"line":37,"column":0},"end":{"line":37,"column":4}},"37":{"start":{"line":38,"column":0},"end":{"line":38,"column":2}}},"s":{"0":0,"1":0,"2":0,"3":0,"6":0,"7":0,"8":0,"9":0,"10":0,"11":0,"12":0,"13":0,"14":0,"15":0,"16":0,"17":0,"18":0,"19":0,"20":0,"21":0,"22":0,"23":0,"24":0,"25":0,"27":0,"28":0,"29":0,"31":0,"32":0,"33":0,"34":0,"35":0,"36":0,"37":0},"branchMap":{"0":{"type":"branch","line":1,"loc":{"start":{"line":1,"column":841},"end":{"line":38,"column":2}},"locations":[{"start":{"line":1,"column":841},"end":{"line":38,"column":2}}]}},"b":{"0":[0]},"fnMap":{"0":{"name":"(empty-report)","decl":{"start":{"line":1,"column":841},"end":{"line":38,"column":2}},"loc":{"start":{"line":1,"column":841},"end":{"line":38,"column":2}},"line":1}},"f":{"0":0}}
,"/Users/ryoukeyuusuke/simple_notion/frontend/vitest.config.ts": {"path":"/Users/ryoukeyuusuke/simple_notion/frontend/vitest.config.ts","all":true,"statementMap":{"0":{"start":{"line":1,"column":0},"end":{"line":1,"column":44}},"1":{"start":{"line":2,"column":0},"end":{"line":2,"column":40}},"2":{"start":{"line":3,"column":0},"end":{"line":3,"column":23}},"4":{"start":{"line":5,"column":0},"end":{"line":5,"column":29}},"5":{"start":{"line":6,"column":0},"end":{"line":6,"column":21}},"6":{"start":{"line":7,"column":0},"end":{"line":7,"column":9}},"7":{"start":{"line":8,"column":0},"end":{"line":8,"column":18}},"8":{"start":{"line":9,"column":0},"end":{"line":9,"column":25}},"9":{"start":{"line":10,"column":0},"end":{"line":10,"column":41}},"10":{"start":{"line":11,"column":0},"end":{"line":11,"column":14}},"11":{"start":{"line":12,"column":0},"end":{"line":12,"column":55}},"12":{"start":{"line":13,"column":0},"end":{"line":13,"column":15}},"13":{"start":{"line":14,"column":0},"end":{"line":14,"column":21}},"14":{"start":{"line":15,"column":0},"end":{"line":15,"column":41}},"15":{"start":{"line":16,"column":0},"end":{"line":16,"column":16}},"16":{"start":{"line":17,"column":0},"end":{"line":17,"column":24}},"17":{"start":{"line":18,"column":0},"end":{"line":18,"column":29}},"18":{"start":{"line":19,"column":0},"end":{"line":19,"column":20}},"19":{"start":{"line":20,"column":0},"end":{"line":20,"column":36}},"20":{"start":{"line":21,"column":0},"end":{"line":21,"column":26}},"21":{"start":{"line":22,"column":0},"end":{"line":22,"column":8}},"22":{"start":{"line":23,"column":0},"end":{"line":23,"column":6}},"23":{"start":{"line":24,"column":0},"end":{"line":24,"column":4}},"24":{"start":{"line":25,"column":0},"end":{"line":25,"column":12}},"25":{"start":{"line":26,"column":0},"end":{"line":26,"column":12}},"26":{"start":{"line":27,"column":0},"end":{"line":27,"column":44}},"27":{"start":{"line":28,"column":0},"end":{"line":28,"column":6}},"28":{"start":{"line":29,"column":0},"end":{"line":29,"column":4}},"29":{"start":{"line":30,"column":0},"end":{"line":30,"column":2}}},"s":{"0":0,"1":0,"2":0,"4":0,"5":0,"6":0,"7":0,"8":0,"9":0,"10":0,"11":0,"12":0,"13":0,"14":0,"15":0,"16":0,"17":0,"18":0,"19":0,"20":0,"21":0,"22":0,"23":0,"24":0,"25":0,"26":0,"27":0,"28":0,"29":0},"branchMap":{"0":{"type":"branch","line":1,"loc":{"start":{"line":1,"column":674},"end":{"line":30,"column":2}},"locations":[{"start":{"line":1,"column":674},"end":{"line":30,"column":2}}]}},"b":{"0":[0]},"fnMap":{"0":{"name":"(empty-report)","decl":{"start":{"line":1,"column":674},"end":{"line":30,"column":2}},"loc":{"start":{"line":1,"column":674},"end":{"line":30,"column":2}},"line":1}},"f":{"0":0}}
,"/Users/ryoukeyuusuke/simple_notion/frontend/src/App.tsx": {"path":"/Users/ryoukeyuusuke/simple_notion/frontend/src/App.tsx","all":true,"statementMap":{"0":{"start":{"line":1,"column":0},"end":{"line":1,"column":43}},"1":{"start":{"line":2,"column":0},"end":{"line":2,"column":44}},"2":{"start":{"line":3,"column":0},"end":{"line":3,"column":42}},"3":{"start":{"line":4,"column":0},"end":{"line":4,"column":46}},"4":{"start":{"line":5,"column":0},"end":{"line":5,"column":62}},"5":{"start":{"line":6,"column":0},"end":{"line":6,"column":47}},"6":{"start":{"line":7,"column":0},"end":{"line":7,"column":41}},"9":{"start":{"line":10,"column":0},"end":{"line":10,"column":16}},"10":{"start":{"line":11,"column":0},"end":{"line":11,"column":52}},"11":{"start":{"line":12,"column":0},"end":{"line":12,"column":81}},"12":{"start":{"line":13,"column":0},"end":{"line":13,"column":60}},"13":{"start":{"line":14,"column":0},"end":{"line":14,"column":60}},"15":{"start":{"line":16,"column":0},"end":{"line":16,"column":19}},"16":{"start":{"line":17,"column":0},"end":{"line":17,"column":15}},"17":{"start":{"line":18,"column":0},"end":{"line":18,"column":17}},"19":{"start":{"line":20,"column":0},"end":{"line":20,"column":19}},"20":{"start":{"line":21,"column":0},"end":{"line":21,"column":15}},"21":{"start":{"line":22,"column":0},"end":{"line":22,"column":21}},"22":{"start":{"line":23,"column":0},"end":{"line":23,"column":5}},"23":{"start":{"line":24,"column":0},"end":{"line":24,"column":12}},"25":{"start":{"line":26,"column":0},"end":{"line":26,"column":37}},"26":{"start":{"line":27,"column":0},"end":{"line":27,"column":9}},"27":{"start":{"line":28,"column":0},"end":{"line":28,"column":54}},"28":{"start":{"line":29,"column":0},"end":{"line":29,"column":30}},"29":{"start":{"line":30,"column":0},"end":{"line":30,"column":8}},"30":{"start":{"line":31,"column":0},"end":{"line":31,"column":24}},"31":{"start":{"line":32,"column":0},"end":{"line":32,"column":42}},"32":{"start":{"line":33,"column":0},"end":{"line":33,"column":26}},"33":{"start":{"line":34,"column":0},"end":{"line":34,"column":14}},"34":{"start":{"line":35,"column":0},"end":{"line":35,"column":24}},"35":{"start":{"line":36,"column":0},"end":{"line":36,"column":7}},"36":{"start":{"line":37,"column":0},"end":{"line":37,"column":21}},"37":{"start":{"line":38,"column":0},"end":{"line":38,"column":55}},"38":{"start":{"line":39,"column":0},"end":{"line":39,"column":22}},"39":{"start":{"line":40,"column":0},"end":{"line":40,"column":5}},"40":{"start":{"line":41,"column":0},"end":{"line":41,"column":3}},"42":{"start":{"line":43,"column":0},"end":{"line":43,"column":63}},"43":{"start":{"line":44,"column":0},"end":{"line":44,"column":50}},"45":{"start":{"line":46,"column":0},"end":{"line":46,"column":83}},"47":{"start":{"line":48,"column":0},"end":{"line":48,"column":29}},"49":{"start":{"line":50,"column":0},"end":{"line":50,"column":60}},"50":{"start":{"line":51,"column":0},"end":{"line":51,"column":40}},"52":{"start":{"line":53,"column":0},"end":{"line":53,"column":45}},"53":{"start":{"line":54,"column":0},"end":{"line":54,"column":14}},"55":{"start":{"line":56,"column":0},"end":{"line":56,"column":34}},"56":{"start":{"line":57,"column":0},"end":{"line":57,"column":7}},"57":{"start":{"line":58,"column":0},"end":{"line":58,"column":5}},"60":{"start":{"line":61,"column":0},"end":{"line":61,"column":19}},"61":{"start":{"line":62,"column":0},"end":{"line":62,"column":3}},"63":{"start":{"line":64,"column":0},"end":{"line":64,"column":38}},"64":{"start":{"line":65,"column":0},"end":{"line":65,"column":9}},"65":{"start":{"line":66,"column":0},"end":{"line":66,"column":54}},"66":{"start":{"line":67,"column":0},"end":{"line":67,"column":23}},"67":{"start":{"line":68,"column":0},"end":{"line":68,"column":56}},"68":{"start":{"line":69,"column":0},"end":{"line":69,"column":30}},"69":{"start":{"line":70,"column":0},"end":{"line":70,"column":28}},"70":{"start":{"line":71,"column":0},"end":{"line":71,"column":22}},"71":{"start":{"line":72,"column":0},"end":{"line":72,"column":24}},"72":{"start":{"line":73,"column":0},"end":{"line":73,"column":11}},"73":{"start":{"line":74,"column":0},"end":{"line":74,"column":30}},"74":{"start":{"line":75,"column":0},"end":{"line":75,"column":8}},"76":{"start":{"line":77,"column":0},"end":{"line":77,"column":24}},"77":{"start":{"line":78,"column":0},"end":{"line":78,"column":44}},"78":{"start":{"line":79,"column":0},"end":{"line":79,"column":29}},"79":{"start":{"line":80,"column":0},"end":{"line":80,"column":39}},"80":{"start":{"line":81,"column":0},"end":{"line":81,"column":7}},"81":{"start":{"line":82,"column":0},"end":{"line":82,"column":21}},"82":{"start":{"line":83,"column":0},"end":{"line":83,"column":56}},"83":{"start":{"line":84,"column":0},"end":{"line":84,"column":5}},"84":{"start":{"line":85,"column":0},"end":{"line":85,"column":3}},"86":{"start":{"line":87,"column":0},"end":{"line":87,"column":14}},"87":{"start":{"line":88,"column":0},"end":{"line":88,"column":20}},"88":{"start":{"line":89,"column":0},"end":{"line":89,"column":3}},"90":{"start":{"line":91,"column":0},"end":{"line":91,"column":10}},"91":{"start":{"line":92,"column":0},"end":{"line":92,"column":44}},"92":{"start":{"line":93,"column":0},"end":{"line":93,"column":14}},"93":{"start":{"line":94,"column":0},"end":{"line":94,"column":45}},"94":{"start":{"line":95,"column":0},"end":{"line":95,"column":47}},"95":{"start":{"line":96,"column":0},"end":{"line":96,"column":47}},"96":{"start":{"line":97,"column":0},"end":{"line":97,"column":39}},"97":{"start":{"line":98,"column":0},"end":{"line":98,"column":66}},"98":{"start":{"line":99,"column":0},"end":{"line":99,"column":8}},"101":{"start":{"line":102,"column":0},"end":{"line":102,"column":44}},"103":{"start":{"line":104,"column":0},"end":{"line":104,"column":81}},"104":{"start":{"line":105,"column":0},"end":{"line":105,"column":31}},"105":{"start":{"line":106,"column":0},"end":{"line":106,"column":19}},"106":{"start":{"line":107,"column":0},"end":{"line":107,"column":29}},"107":{"start":{"line":108,"column":0},"end":{"line":108,"column":25}},"108":{"start":{"line":109,"column":0},"end":{"line":109,"column":53}},"109":{"start":{"line":110,"column":0},"end":{"line":110,"column":30}},"111":{"start":{"line":112,"column":0},"end":{"line":112,"column":42}},"112":{"start":{"line":113,"column":0},"end":{"line":113,"column":21}},"115":{"start":{"line":116,"column":0},"end":{"line":116,"column":40}},"117":{"start":{"line":118,"column":0},"end":{"line":118,"column":17}},"118":{"start":{"line":119,"column":0},"end":{"line":119,"column":27}},"119":{"start":{"line":120,"column":0},"end":{"line":120,"column":28}},"120":{"start":{"line":121,"column":0},"end":{"line":121,"column":65}},"121":{"start":{"line":122,"column":0},"end":{"line":122,"column":11}},"123":{"start":{"line":124,"column":0},"end":{"line":124,"column":19}},"124":{"start":{"line":125,"column":0},"end":{"line":125,"column":17}},"127":{"start":{"line":128,"column":0},"end":{"line":128,"column":49}},"128":{"start":{"line":129,"column":0},"end":{"line":129,"column":32}},"129":{"start":{"line":130,"column":0},"end":{"line":130,"column":61}},"131":{"start":{"line":132,"column":0},"end":{"line":132,"column":83}},"132":{"start":{"line":133,"column":0},"end":{"line":133,"column":43}},"133":{"start":{"line":134,"column":0},"end":{"line":134,"column":20}},"134":{"start":{"line":135,"column":0},"end":{"line":135,"column":66}},"135":{"start":{"line":136,"column":0},"end":{"line":136,"column":29}},"136":{"start":{"line":137,"column":0},"end":{"line":137,"column":39}},"137":{"start":{"line":138,"column":0},"end":{"line":138,"column":37}},"139":{"start":{"line":140,"column":0},"end":{"line":140,"column":23}},"140":{"start":{"line":141,"column":0},"end":{"line":141,"column":41}},"141":{"start":{"line":142,"column":0},"end":{"line":142,"column":42}},"142":{"start":{"line":143,"column":0},"end":{"line":143,"column":35}},"143":{"start":{"line":144,"column":0},"end":{"line":144,"column":140}},"144":{"start":{"line":145,"column":0},"end":{"line":145,"column":20}},"145":{"start":{"line":146,"column":0},"end":{"line":146,"column":22}},"146":{"start":{"line":147,"column":0},"end":{"line":147,"column":64}},"147":{"start":{"line":148,"column":0},"end":{"line":148,"column":49}},"148":{"start":{"line":149,"column":0},"end":{"line":149,"column":51}},"150":{"start":{"line":151,"column":0},"end":{"line":151,"column":25}},"151":{"start":{"line":152,"column":0},"end":{"line":152,"column":20}},"152":{"start":{"line":153,"column":0},"end":{"line":153,"column":18}},"154":{"start":{"line":155,"column":0},"end":{"line":155,"column":15}},"155":{"start":{"line":156,"column":0},"end":{"line":156,"column":12}},"156":{"start":{"line":157,"column":0},"end":{"line":157,"column":10}},"158":{"start":{"line":159,"column":0},"end":{"line":159,"column":1}},"160":{"start":{"line":161,"column":0},"end":{"line":161,"column":18}}},"s":{"0":0,"1":0,"2":0,"3":0,"4":0,"5":0,"6":0,"9":0,"10":0,"11":0,"12":0,"13":0,"15":0,"16":0,"17":0,"19":0,"20":0,"21":0,"22":0,"23":0,"25":0,"26":0,"27":0,"28":0,"29":0,"30":0,"31":0,"32":0,"33":0,"34":0,"35":0,"36":0,"37":0,"38":0,"39":0,"40":0,"42":0,"43":0,"45":0,"47":0,"49":0,"50":0,"52":0,"53":0,"55":0,"56":0,"57":0,"60":0,"61":0,"63":0,"64":0,"65":0,"66":0,"67":0,"68":0,"69":0,"70":0,"71":0,"72":0,"73":0,"74":0,"76":0,"77":0,"78":0,"79":0,"80":0,"81":0,"82":0,"83":0,"84":0,"86":0,"87":0,"88":0,"90":0,"91":0,"92":0,"93":0,"94":0,"95":0,"96":0,"97":0,"98":0,"101":0,"103":0,"104":0,"105":0,"106":0,"107":0,"108":0,"109":0,"111":0,"112":0,"115":0,"117":0,"118":0,"119":0,"120":0,"121":0,"123":0,"124":0,"127":0,"128":0,"129":0,"131":0,"132":0,"133":0,"134":0,"135":0,"136":0,"137":0,"139":0,"140":0,"141":0,"142":0,"143":0,"144":0,"145":0,"146":0,"147":0,"148":0,"150":0,"151":0,"152":0,"154":0,"155":0,"156":0,"158":0,"160":0},"branchMap":{"0":{"type":"branch","line":1,"loc":{"start":{"line":1,"column":4706},"end":{"line":161,"column":18}},"locations":[{"start":{"line":1,"column":4706},"end":{"line":161,"column":18}}]}},"b":{"0":[0]},"fnMap":{"0":{"name":"(empty-report)","decl":{"start":{"line":1,"column":4706},"end":{"line":161,"column":18}},"loc":{"start":{"line":1,"column":4706},"end":{"line":161,"column":18}},"line":1}},"f":{"0":0}}
,"/Users/ryoukeyuusuke/simple_notion/frontend/src/main.tsx": {"path":"/Users/ryoukeyuusuke/simple_notion/frontend/src/main.tsx","all":true,"statementMap":{"0":{"start":{"line":1,"column":0},"end":{"line":1,"column":34}},"1":{"start":{"line":2,"column":0},"end":{"line":2,"column":45}},"2":{"start":{"line":3,"column":0},"end":{"line":3,"column":20}},"3":{"start":{"line":4,"column":0},"end":{"line":4,"column":27}},"5":{"start":{"line":6,"column":0},"end":{"line":6,"column":52}},"6":{"start":{"line":7,"column":0},"end":{"line":7,"column":14}},"7":{"start":{"line":8,"column":0},"end":{"line":8,"column":11}},"8":{"start":{"line":9,"column":0},"end":{"line":9,"column":16}},"9":{"start":{"line":10,"column":0},"end":{"line":10,"column":1}}},"s":{"0":0,"1":0,"2":0,"3":0,"5":0,"6":0,"7":0,"8":0,"9":0},"branchMap":{"0":{"type":"branch","line":1,"loc":{"start":{"line":1,"column":203},"end":{"line":10,"column":-148}},"locations":[{"start":{"line":1,"column":203},"end":{"line":10,"column":-148}}]}},"b":{"0":[0]},"fnMap":{"0":{"name":"(empty-report)","decl":{"start":{"line":1,"column":203},"end":{"line":10,"column":-148}},"loc":{"start":{"line":1,"column":203},"end":{"line":10,"column":-148}},"line":1}},"f":{"0":0}}
,"/Users/ryoukeyuusuke/simple_notion/frontend/src/components/DocumentEditor.tsx": {"path":"/Users/ryoukeyuusuke/simple_notion/frontend/src/components/DocumentEditor.tsx","all":false,"statementMap":{"0":{"start":{"line":1,"column":0},"end":{"line":1,"column":56}},"1":{"start":{"line":2,"column":0},"end":{"line":2,"column":47}},"2":{"start":{"line":3,"column":0},"end":{"line":3,"column":45}},"3":{"start":{"line":4,"column":0},"end":{"line":4,"column":43}},"10":{"start":{"line":11,"column":0},"end":{"line":11,"column":69}},"11":{"start":{"line":12,"column":0},"end":{"line":12,"column":65}},"12":{"start":{"line":13,"column":0},"end":{"line":13,"column":40}},"13":{"start":{"line":14,"column":0},"end":{"line":14,"column":44}},"14":{"start":{"line":15,"column":0},"end":{"line":15,"column":49}},"15":{"start":{"line":16,"column":0},"end":{"line":16,"column":63}},"17":{"start":{"line":18,"column":0},"end":{"line":18,"column":19}},"18":{"start":{"line":19,"column":0},"end":{"line":19,"column":38}},"19":{"start":{"line":20,"column":0},"end":{"line":20,"column":11}},"20":{"start":{"line":21,"column":0},"end":{"line":21,"column":70}},"21":{"start":{"line":22,"column":0},"end":{"line":22,"column":32}},"22":{"start":{"line":23,"column":0},"end":{"line":23,"column":10}},"23":{"start":{"line":24,"column":0},"end":{"line":24,"column":26}},"24":{"start":{"line":25,"column":0},"end":{"line":25,"column":43}},"25":{"start":{"line":26,"column":0},"end":{"line":26,"column":26}},"26":{"start":{"line":27,"column":0},"end":{"line":27,"column":29}},"27":{"start":{"line":28,"column":0},"end":{"line":28,"column":33}},"28":{"start":{"line":29,"column":0},"end":{"line":29,"column":9}},"29":{"start":{"line":30,"column":0},"end":{"line":30,"column":23}},"30":{"start":{"line":31,"column":0},"end":{"line":31,"column":56}},"31":{"start":{"line":32,"column":0},"end":{"line":32,"column":7}},"32":{"start":{"line":33,"column":0},"end":{"line":33,"column":5}},"34":{"start":{"line":35,"column":0},"end":{"line":35,"column":18}},"35":{"start":{"line":36,"column":0},"end":{"line":36,"column":18}},"37":{"start":{"line":38,"column":0},"end":{"line":38,"column":48}},"38":{"start":{"line":39,"column":0},"end":{"line":39,"column":25}},"40":{"start":{"line":41,"column":0},"end":{"line":41,"column":21}},"41":{"start":{"line":42,"column":0},"end":{"line":42,"column":9}},"42":{"start":{"line":43,"column":0},"end":{"line":43,"column":68}},"43":{"start":{"line":44,"column":0},"end":{"line":44,"column":22}},"44":{"start":{"line":45,"column":0},"end":{"line":45,"column":56}},"45":{"start":{"line":46,"column":0},"end":{"line":46,"column":30}},"46":{"start":{"line":47,"column":0},"end":{"line":47,"column":37}},"47":{"start":{"line":48,"column":0},"end":{"line":48,"column":17}},"48":{"start":{"line":49,"column":0},"end":{"line":49,"column":11}},"49":{"start":{"line":50,"column":0},"end":{"line":50,"column":30}},"50":{"start":{"line":51,"column":0},"end":{"line":51,"column":8}},"52":{"start":{"line":53,"column":0},"end":{"line":53,"column":24}},"53":{"start":{"line":54,"column":0},"end":{"line":54,"column":32}},"55":{"start":{"line":56,"column":0},"end":{"line":56,"column":65}},"56":{"start":{"line":57,"column":0},"end":{"line":57,"column":7}},"57":{"start":{"line":58,"column":0},"end":{"line":58,"column":21}},"58":{"start":{"line":59,"column":0},"end":{"line":59,"column":54}},"59":{"start":{"line":60,"column":0},"end":{"line":60,"column":15}},"60":{"start":{"line":61,"column":0},"end":{"line":61,"column":24}},"61":{"start":{"line":62,"column":0},"end":{"line":62,"column":5}},"62":{"start":{"line":63,"column":0},"end":{"line":63,"column":44}},"64":{"start":{"line":65,"column":0},"end":{"line":65,"column":50}},"65":{"start":{"line":66,"column":0},"end":{"line":66,"column":25}},"67":{"start":{"line":68,"column":0},"end":{"line":68,"column":86}},"68":{"start":{"line":69,"column":0},"end":{"line":69,"column":26}},"70":{"start":{"line":71,"column":0},"end":{"line":71,"column":9}},"71":{"start":{"line":72,"column":0},"end":{"line":72,"column":68}},"72":{"start":{"line":73,"column":0},"end":{"line":73,"column":25}},"73":{"start":{"line":74,"column":0},"end":{"line":74,"column":30}},"74":{"start":{"line":75,"column":0},"end":{"line":75,"column":8}},"76":{"start":{"line":77,"column":0},"end":{"line":77,"column":24}},"78":{"start":{"line":79,"column":0},"end":{"line":79,"column":66}},"79":{"start":{"line":80,"column":0},"end":{"line":80,"column":32}},"80":{"start":{"line":81,"column":0},"end":{"line":81,"column":11}},"81":{"start":{"line":82,"column":0},"end":{"line":82,"column":7}},"82":{"start":{"line":83,"column":0},"end":{"line":83,"column":21}},"83":{"start":{"line":84,"column":0},"end":{"line":84,"column":56}},"84":{"start":{"line":85,"column":0},"end":{"line":85,"column":5}},"85":{"start":{"line":86,"column":0},"end":{"line":86,"column":28}},"88":{"start":{"line":89,"column":0},"end":{"line":89,"column":19}},"89":{"start":{"line":90,"column":0},"end":{"line":90,"column":36}},"90":{"start":{"line":91,"column":0},"end":{"line":91,"column":83}},"91":{"start":{"line":92,"column":0},"end":{"line":92,"column":22}},"92":{"start":{"line":93,"column":0},"end":{"line":93,"column":7}},"93":{"start":{"line":94,"column":0},"end":{"line":94,"column":12}},"95":{"start":{"line":96,"column":0},"end":{"line":96,"column":36}},"96":{"start":{"line":97,"column":0},"end":{"line":97,"column":46}},"98":{"start":{"line":99,"column":0},"end":{"line":99,"column":18}},"99":{"start":{"line":100,"column":0},"end":{"line":100,"column":12}},"100":{"start":{"line":101,"column":0},"end":{"line":101,"column":63}},"101":{"start":{"line":102,"column":0},"end":{"line":102,"column":55}},"102":{"start":{"line":103,"column":0},"end":{"line":103,"column":12}},"104":{"start":{"line":105,"column":0},"end":{"line":105,"column":3}},"106":{"start":{"line":107,"column":0},"end":{"line":107,"column":10}},"107":{"start":{"line":108,"column":0},"end":{"line":108,"column":42}},"109":{"start":{"line":110,"column":0},"end":{"line":110,"column":52}},"110":{"start":{"line":111,"column":0},"end":{"line":111,"column":59}},"111":{"start":{"line":112,"column":0},"end":{"line":112,"column":16}},"112":{"start":{"line":113,"column":0},"end":{"line":113,"column":25}},"113":{"start":{"line":114,"column":0},"end":{"line":114,"column":54}},"114":{"start":{"line":115,"column":0},"end":{"line":115,"column":34}},"115":{"start":{"line":116,"column":0},"end":{"line":116,"column":129}},"116":{"start":{"line":117,"column":0},"end":{"line":117,"column":12}},"118":{"start":{"line":119,"column":0},"end":{"line":119,"column":55}},"119":{"start":{"line":120,"column":0},"end":{"line":120,"column":27}},"120":{"start":{"line":121,"column":0},"end":{"line":121,"column":54}},"121":{"start":{"line":122,"column":0},"end":{"line":122,"column":54}},"122":{"start":{"line":123,"column":0},"end":{"line":123,"column":21}},"125":{"start":{"line":126,"column":0},"end":{"line":126,"column":19}},"126":{"start":{"line":127,"column":0},"end":{"line":127,"column":36}},"127":{"start":{"line":128,"column":0},"end":{"line":128,"column":33}},"128":{"start":{"line":129,"column":0},"end":{"line":129,"column":31}},"129":{"start":{"line":130,"column":0},"end":{"line":130,"column":23}},"131":{"start":{"line":132,"column":0},"end":{"line":132,"column":47}},"132":{"start":{"line":133,"column":0},"end":{"line":133,"column":47}},"133":{"start":{"line":134,"column":0},"end":{"line":134,"column":21}},"135":{"start":{"line":136,"column":0},"end":{"line":136,"column":19}},"136":{"start":{"line":137,"column":0},"end":{"line":137,"column":38}},"137":{"start":{"line":138,"column":0},"end":{"line":138,"column":31}},"138":{"start":{"line":139,"column":0},"end":{"line":139,"column":23}},"139":{"start":{"line":140,"column":0},"end":{"line":140,"column":73}},"141":{"start":{"line":142,"column":0},"end":{"line":142,"column":44}},"142":{"start":{"line":143,"column":0},"end":{"line":143,"column":21}},"143":{"start":{"line":144,"column":0},"end":{"line":144,"column":16}},"144":{"start":{"line":145,"column":0},"end":{"line":145,"column":14}},"145":{"start":{"line":146,"column":0},"end":{"line":146,"column":12}},"148":{"start":{"line":149,"column":0},"end":{"line":149,"column":34}},"149":{"start":{"line":150,"column":0},"end":{"line":150,"column":17}},"150":{"start":{"line":151,"column":0},"end":{"line":151,"column":25}},"151":{"start":{"line":152,"column":0},"end":{"line":152,"column":54}},"152":{"start":{"line":153,"column":0},"end":{"line":153,"column":40}},"153":{"start":{"line":154,"column":0},"end":{"line":154,"column":104}},"154":{"start":{"line":155,"column":0},"end":{"line":155,"column":10}},"155":{"start":{"line":156,"column":0},"end":{"line":156,"column":12}},"156":{"start":{"line":157,"column":0},"end":{"line":157,"column":10}},"158":{"start":{"line":159,"column":0},"end":{"line":159,"column":1}}},"s":{"0":1,"1":1,"2":1,"3":1,"10":1,"11":64,"12":64,"13":64,"14":64,"15":64,"17":64,"18":9,"19":9,"20":9,"21":9,"22":9,"23":7,"24":7,"25":7,"26":7,"27":7,"28":7,"29":9,"30":1,"31":1,"32":9,"34":9,"35":64,"37":64,"38":2,"40":2,"41":2,"42":2,"43":2,"44":2,"45":2,"46":2,"47":2,"48":2,"49":2,"50":2,"52":1,"53":1,"55":1,"56":1,"57":2,"58":1,"59":2,"60":2,"61":2,"62":64,"64":64,"65":2,"67":2,"68":2,"70":1,"71":1,"72":1,"73":1,"74":1,"76":1,"78":1,"79":1,"80":1,"81":1,"82":2,"83":0,"84":0,"85":64,"88":64,"89":60,"90":0,"91":0,"92":0,"93":60,"95":60,"96":64,"98":64,"99":9,"100":9,"101":9,"102":9,"104":9,"106":55,"107":55,"109":55,"110":55,"111":55,"112":55,"113":55,"114":55,"115":55,"116":55,"118":55,"119":55,"120":1,"121":1,"122":1,"125":64,"126":64,"127":64,"128":64,"129":64,"131":64,"132":64,"133":64,"135":64,"136":64,"137":64,"138":64,"139":64,"141":64,"142":64,"143":64,"144":64,"145":64,"148":64,"149":64,"150":64,"151":64,"152":64,"153":64,"154":64,"155":64,"156":64,"158":64},"branchMap":{"0":{"type":"branch","line":11,"loc":{"start":{"line":11,"column":7},"end":{"line":159,"column":1}},"locations":[{"start":{"line":11,"column":7},"end":{"line":159,"column":1}}]},"1":{"type":"branch","line":99,"loc":{"start":{"line":99,"column":17},"end":{"line":105,"column":3}},"locations":[{"start":{"line":99,"column":17},"end":{"line":105,"column":3}}]},"2":{"type":"branch","line":105,"loc":{"start":{"line":105,"column":2},"end":{"line":120,"column":27}},"locations":[{"start":{"line":105,"column":2},"end":{"line":120,"column":27}}]},"3":{"type":"branch","line":120,"loc":{"start":{"line":120,"column":13},"end":{"line":123,"column":21}},"locations":[{"start":{"line":120,"column":13},"end":{"line":123,"column":21}}]},"4":{"type":"branch","line":133,"loc":{"start":{"line":133,"column":15},"end":{"line":133,"column":40}},"locations":[{"start":{"line":133,"column":15},"end":{"line":133,"column":40}}]},"5":{"type":"branch","line":133,"loc":{"start":{"line":133,"column":26},"end":{"line":133,"column":47}},"locations":[{"start":{"line":133,"column":26},"end":{"line":133,"column":47}}]},"6":{"type":"branch","line":18,"loc":{"start":{"line":18,"column":12},"end":{"line":36,"column":5}},"locations":[{"start":{"line":18,"column":12},"end":{"line":36,"column":5}}]},"7":{"type":"branch","line":19,"loc":{"start":{"line":19,"column":25},"end":{"line":33,"column":5}},"locations":[{"start":{"line":19,"column":25},"end":{"line":33,"column":5}}]},"8":{"type":"branch","line":23,"loc":{"start":{"line":23,"column":9},"end":{"line":29,"column":9}},"locations":[{"start":{"line":23,"column":9},"end":{"line":29,"column":9}}]},"9":{"type":"branch","line":30,"loc":{"start":{"line":30,"column":6},"end":{"line":32,"column":7}},"locations":[{"start":{"line":30,"column":6},"end":{"line":32,"column":7}}]},"10":{"type":"branch","line":38,"loc":{"start":{"line":38,"column":35},"end":{"line":63,"column":5}},"locations":[{"start":{"line":38,"column":35},"end":{"line":63,"column":5}}]},"11":{"type":"branch","line":39,"loc":{"start":{"line":39,"column":19},"end":{"line":39,"column":25}},"locations":[{"start":{"line":39,"column":19},"end":{"line":39,"column":25}}]},"12":{"type":"branch","line":47,"loc":{"start":{"line":47,"column":17},"end":{"line":47,"column":37}},"locations":[{"start":{"line":47,"column":17},"end":{"line":47,"column":37}}]},"13":{"type":"branch","line":51,"loc":{"start":{"line":51,"column":7},"end":{"line":57,"column":7}},"locations":[{"start":{"line":51,"column":7},"end":{"line":57,"column":7}}]},"14":{"type":"branch","line":58,"loc":{"start":{"line":58,"column":4},"end":{"line":60,"column":6}},"locations":[{"start":{"line":58,"column":4},"end":{"line":60,"column":6}}]},"15":{"type":"branch","line":65,"loc":{"start":{"line":65,"column":37},"end":{"line":86,"column":5}},"locations":[{"start":{"line":65,"column":37},"end":{"line":86,"column":5}}]},"16":{"type":"branch","line":66,"loc":{"start":{"line":66,"column":19},"end":{"line":66,"column":25}},"locations":[{"start":{"line":66,"column":19},"end":{"line":66,"column":25}}]},"17":{"type":"branch","line":69,"loc":{"start":{"line":69,"column":20},"end":{"line":82,"column":7}},"locations":[{"start":{"line":69,"column":20},"end":{"line":82,"column":7}}]},"18":{"type":"branch","line":83,"loc":{"start":{"line":83,"column":4},"end":{"line":85,"column":5}},"locations":[{"start":{"line":83,"column":4},"end":{"line":85,"column":5}}]},"19":{"type":"branch","line":89,"loc":{"start":{"line":89,"column":12},"end":{"line":97,"column":5}},"locations":[{"start":{"line":89,"column":12},"end":{"line":97,"column":5}}]},"20":{"type":"branch","line":96,"loc":{"start":{"line":96,"column":11},"end":{"line":96,"column":36}},"locations":[{"start":{"line":96,"column":11},"end":{"line":96,"column":36}}]},"21":{"type":"branch","line":114,"loc":{"start":{"line":114,"column":22},"end":{"line":114,"column":54}},"locations":[{"start":{"line":114,"column":22},"end":{"line":114,"column":54}}]},"22":{"type":"branch","line":152,"loc":{"start":{"line":152,"column":20},"end":{"line":152,"column":54}},"locations":[{"start":{"line":152,"column":20},"end":{"line":152,"column":54}}]}},"b":{"0":[64],"1":[9],"2":[55],"3":[1],"4":[2],"5":[53],"6":[9],"7":[9],"8":[7],"9":[1],"10":[2],"11":[0],"12":[0],"13":[1],"14":[1],"15":[2],"16":[0],"17":[1],"18":[0],"19":[60],"20":[60],"21":[28],"22":[16]},"fnMap":{"0":{"name":"DocumentEditor","decl":{"start":{"line":11,"column":7},"end":{"line":159,"column":1}},"loc":{"start":{"line":11,"column":7},"end":{"line":159,"column":1}},"line":11},"1":{"name":"loadDocument","decl":{"start":{"line":19,"column":25},"end":{"line":33,"column":5}},"loc":{"start":{"line":19,"column":25},"end":{"line":33,"column":5}},"line":19},"2":{"name":"onChange","decl":{"start":{"line":114,"column":22},"end":{"line":114,"column":54}},"loc":{"start":{"line":114,"column":22},"end":{"line":114,"column":54}},"line":114},"3":{"name":"onChange","decl":{"start":{"line":152,"column":20},"end":{"line":152,"column":54}},"loc":{"start":{"line":152,"column":20},"end":{"line":152,"column":54}},"line":152}},"f":{"0":64,"1":9,"2":28,"3":16}}
,"/Users/ryoukeyuusuke/simple_notion/frontend/src/components/Login.tsx": {"path":"/Users/ryoukeyuusuke/simple_notion/frontend/src/components/Login.tsx","all":false,"statementMap":{"0":{"start":{"line":1,"column":0},"end":{"line":1,"column":39}},"1":{"start":{"line":2,"column":0},"end":{"line":2,"column":44}},"2":{"start":{"line":3,"column":0},"end":{"line":3,"column":47}},"3":{"start":{"line":4,"column":0},"end":{"line":4,"column":45}},"5":{"start":{"line":6,"column":0},"end":{"line":6,"column":25}},"6":{"start":{"line":7,"column":0},"end":{"line":7,"column":40}},"7":{"start":{"line":8,"column":0},"end":{"line":8,"column":46}},"8":{"start":{"line":9,"column":0},"end":{"line":9,"column":38}},"9":{"start":{"line":10,"column":0},"end":{"line":10,"column":40}},"10":{"start":{"line":11,"column":0},"end":{"line":11,"column":61}},"12":{"start":{"line":13,"column":0},"end":{"line":13,"column":53}},"14":{"start":{"line":15,"column":0},"end":{"line":15,"column":54}},"15":{"start":{"line":16,"column":0},"end":{"line":16,"column":22}},"16":{"start":{"line":17,"column":0},"end":{"line":17,"column":23}},"18":{"start":{"line":19,"column":0},"end":{"line":19,"column":16}},"20":{"start":{"line":21,"column":0},"end":{"line":21,"column":9}},"21":{"start":{"line":22,"column":0},"end":{"line":22,"column":27}},"22":{"start":{"line":23,"column":0},"end":{"line":23,"column":45}},"23":{"start":{"line":24,"column":0},"end":{"line":24,"column":14}},"24":{"start":{"line":25,"column":0},"end":{"line":25,"column":36}},"25":{"start":{"line":26,"column":0},"end":{"line":26,"column":7}},"26":{"start":{"line":27,"column":0},"end":{"line":27,"column":19}},"27":{"start":{"line":28,"column":0},"end":{"line":28,"column":72}},"28":{"start":{"line":29,"column":0},"end":{"line":29,"column":5}},"29":{"start":{"line":30,"column":0},"end":{"line":30,"column":3}},"31":{"start":{"line":32,"column":0},"end":{"line":32,"column":10}},"32":{"start":{"line":33,"column":0},"end":{"line":33,"column":96}},"33":{"start":{"line":34,"column":0},"end":{"line":34,"column":56}},"34":{"start":{"line":35,"column":0},"end":{"line":35,"column":79}},"35":{"start":{"line":36,"column":0},"end":{"line":36,"column":78}},"36":{"start":{"line":37,"column":0},"end":{"line":37,"column":13}},"37":{"start":{"line":38,"column":0},"end":{"line":38,"column":12}},"39":{"start":{"line":40,"column":0},"end":{"line":40,"column":61}},"40":{"start":{"line":41,"column":0},"end":{"line":41,"column":74}},"41":{"start":{"line":42,"column":0},"end":{"line":42,"column":62}},"42":{"start":{"line":43,"column":0},"end":{"line":43,"column":32}},"43":{"start":{"line":44,"column":0},"end":{"line":44,"column":19}},"44":{"start":{"line":45,"column":0},"end":{"line":45,"column":90}},"46":{"start":{"line":47,"column":0},"end":{"line":47,"column":24}},"47":{"start":{"line":48,"column":0},"end":{"line":48,"column":38}},"48":{"start":{"line":49,"column":0},"end":{"line":49,"column":24}},"49":{"start":{"line":50,"column":0},"end":{"line":50,"column":29}},"50":{"start":{"line":51,"column":0},"end":{"line":51,"column":31}},"51":{"start":{"line":52,"column":0},"end":{"line":52,"column":31}},"52":{"start":{"line":53,"column":0},"end":{"line":53,"column":28}},"53":{"start":{"line":54,"column":0},"end":{"line":54,"column":32}},"54":{"start":{"line":55,"column":0},"end":{"line":55,"column":61}},"55":{"start":{"line":56,"column":0},"end":{"line":56,"column":38}},"56":{"start":{"line":57,"column":0},"end":{"line":57,"column":20}},"57":{"start":{"line":58,"column":0},"end":{"line":58,"column":22}},"58":{"start":{"line":59,"column":0},"end":{"line":59,"column":20}},"61":{"start":{"line":62,"column":0},"end":{"line":62,"column":17}},"62":{"start":{"line":63,"column":0},"end":{"line":63,"column":89}},"64":{"start":{"line":65,"column":0},"end":{"line":65,"column":22}},"65":{"start":{"line":66,"column":0},"end":{"line":66,"column":36}},"66":{"start":{"line":67,"column":0},"end":{"line":67,"column":22}},"67":{"start":{"line":68,"column":0},"end":{"line":68,"column":28}},"68":{"start":{"line":69,"column":0},"end":{"line":69,"column":30}},"69":{"start":{"line":70,"column":0},"end":{"line":70,"column":30}},"70":{"start":{"line":71,"column":0},"end":{"line":71,"column":38}},"71":{"start":{"line":72,"column":0},"end":{"line":72,"column":26}},"72":{"start":{"line":73,"column":0},"end":{"line":73,"column":31}},"73":{"start":{"line":74,"column":0},"end":{"line":74,"column":60}},"74":{"start":{"line":75,"column":0},"end":{"line":75,"column":36}},"75":{"start":{"line":76,"column":0},"end":{"line":76,"column":18}},"76":{"start":{"line":77,"column":0},"end":{"line":77,"column":20}},"77":{"start":{"line":78,"column":0},"end":{"line":78,"column":18}},"79":{"start":{"line":80,"column":0},"end":{"line":80,"column":17}},"80":{"start":{"line":81,"column":0},"end":{"line":81,"column":92}},"82":{"start":{"line":83,"column":0},"end":{"line":83,"column":22}},"83":{"start":{"line":84,"column":0},"end":{"line":84,"column":36}},"84":{"start":{"line":85,"column":0},"end":{"line":85,"column":22}},"85":{"start":{"line":86,"column":0},"end":{"line":86,"column":31}},"86":{"start":{"line":87,"column":0},"end":{"line":87,"column":33}},"87":{"start":{"line":88,"column":0},"end":{"line":88,"column":33}},"88":{"start":{"line":89,"column":0},"end":{"line":89,"column":49}},"89":{"start":{"line":90,"column":0},"end":{"line":90,"column":26}},"90":{"start":{"line":91,"column":0},"end":{"line":91,"column":34}},"91":{"start":{"line":92,"column":0},"end":{"line":92,"column":63}},"92":{"start":{"line":93,"column":0},"end":{"line":93,"column":36}},"93":{"start":{"line":94,"column":0},"end":{"line":94,"column":18}},"94":{"start":{"line":95,"column":0},"end":{"line":95,"column":20}},"95":{"start":{"line":96,"column":0},"end":{"line":96,"column":18}},"97":{"start":{"line":98,"column":0},"end":{"line":98,"column":23}},"98":{"start":{"line":99,"column":0},"end":{"line":99,"column":64}},"99":{"start":{"line":100,"column":0},"end":{"line":100,"column":23}},"100":{"start":{"line":101,"column":0},"end":{"line":101,"column":20}},"103":{"start":{"line":104,"column":0},"end":{"line":104,"column":17}},"104":{"start":{"line":105,"column":0},"end":{"line":105,"column":21}},"105":{"start":{"line":106,"column":0},"end":{"line":106,"column":29}},"106":{"start":{"line":107,"column":0},"end":{"line":107,"column":34}},"107":{"start":{"line":108,"column":0},"end":{"line":108,"column":34}},"109":{"start":{"line":110,"column":0},"end":{"line":110,"column":28}},"110":{"start":{"line":111,"column":0},"end":{"line":111,"column":41}},"112":{"start":{"line":113,"column":0},"end":{"line":113,"column":72}},"114":{"start":{"line":115,"column":0},"end":{"line":115,"column":23}},"115":{"start":{"line":116,"column":0},"end":{"line":116,"column":18}},"117":{"start":{"line":118,"column":0},"end":{"line":118,"column":41}},"118":{"start":{"line":119,"column":0},"end":{"line":119,"column":21}},"119":{"start":{"line":120,"column":0},"end":{"line":120,"column":29}},"120":{"start":{"line":121,"column":0},"end":{"line":121,"column":66}},"121":{"start":{"line":122,"column":0},"end":{"line":122,"column":73}},"123":{"start":{"line":124,"column":0},"end":{"line":124,"column":31}},"124":{"start":{"line":125,"column":0},"end":{"line":125,"column":54}},"125":{"start":{"line":126,"column":0},"end":{"line":126,"column":54}},"126":{"start":{"line":127,"column":0},"end":{"line":127,"column":23}},"127":{"start":{"line":128,"column":0},"end":{"line":128,"column":18}},"128":{"start":{"line":129,"column":0},"end":{"line":129,"column":17}},"129":{"start":{"line":130,"column":0},"end":{"line":130,"column":14}},"130":{"start":{"line":131,"column":0},"end":{"line":131,"column":12}},"131":{"start":{"line":132,"column":0},"end":{"line":132,"column":10}},"133":{"start":{"line":134,"column":0},"end":{"line":134,"column":1}}},"s":{"0":1,"1":1,"2":1,"3":1,"5":1,"6":175,"7":175,"8":175,"9":175,"10":175,"12":175,"14":175,"15":4,"16":4,"18":4,"20":4,"21":4,"22":2,"23":2,"24":2,"25":1,"26":4,"27":2,"28":2,"29":4,"31":175,"32":175,"33":175,"34":175,"35":175,"36":175,"37":175,"39":175,"40":175,"41":175,"42":175,"43":82,"44":82,"46":82,"47":82,"48":82,"49":82,"50":82,"51":82,"52":82,"53":82,"54":82,"55":82,"56":82,"57":82,"58":82,"61":175,"62":175,"64":175,"65":175,"66":175,"67":175,"68":175,"69":175,"70":175,"71":175,"72":175,"73":175,"74":175,"75":175,"76":175,"77":175,"79":175,"80":175,"82":175,"83":175,"84":175,"85":175,"86":175,"87":175,"88":175,"89":175,"90":175,"91":175,"92":175,"93":175,"94":175,"95":175,"97":175,"98":2,"99":2,"100":2,"103":175,"104":175,"105":175,"106":175,"107":175,"109":175,"110":0,"112":175,"114":175,"115":175,"117":175,"118":175,"119":175,"120":175,"121":175,"123":175,"124":82,"125":93,"126":175,"127":175,"128":175,"129":175,"130":175,"131":175,"133":175},"branchMap":{"0":{"type":"branch","line":6,"loc":{"start":{"line":6,"column":7},"end":{"line":134,"column":1}},"locations":[{"start":{"line":6,"column":7},"end":{"line":134,"column":1}}]},"1":{"type":"branch","line":36,"loc":{"start":{"line":36,"column":11},"end":{"line":36,"column":52}},"locations":[{"start":{"line":36,"column":11},"end":{"line":36,"column":52}}]},"2":{"type":"branch","line":36,"loc":{"start":{"line":36,"column":28},"end":{"line":36,"column":78}},"locations":[{"start":{"line":36,"column":28},"end":{"line":36,"column":78}}]},"3":{"type":"branch","line":43,"loc":{"start":{"line":43,"column":13},"end":{"line":59,"column":20}},"locations":[{"start":{"line":43,"column":13},"end":{"line":59,"column":20}}]},"4":{"type":"branch","line":98,"loc":{"start":{"line":98,"column":13},"end":{"line":101,"column":20}},"locations":[{"start":{"line":98,"column":13},"end":{"line":101,"column":20}}]},"5":{"type":"branch","line":110,"loc":{"start":{"line":110,"column":17},"end":{"line":111,"column":41}},"locations":[{"start":{"line":110,"column":17},"end":{"line":111,"column":41}}]},"6":{"type":"branch","line":113,"loc":{"start":{"line":113,"column":25},"end":{"line":113,"column":55}},"locations":[{"start":{"line":113,"column":25},"end":{"line":113,"column":55}}]},"7":{"type":"branch","line":113,"loc":{"start":{"line":113,"column":42},"end":{"line":113,"column":65}},"locations":[{"start":{"line":113,"column":42},"end":{"line":113,"column":65}}]},"8":{"type":"branch","line":124,"loc":{"start":{"line":124,"column":17},"end":{"line":125,"column":54}},"locations":[{"start":{"line":124,"column":17},"end":{"line":125,"column":54}}]},"9":{"type":"branch","line":125,"loc":{"start":{"line":125,"column":20},"end":{"line":126,"column":54}},"locations":[{"start":{"line":125,"column":20},"end":{"line":126,"column":54}}]},"10":{"type":"branch","line":15,"loc":{"start":{"line":15,"column":23},"end":{"line":30,"column":3}},"locations":[{"start":{"line":15,"column":23},"end":{"line":30,"column":3}}]},"11":{"type":"branch","line":17,"loc":{"start":{"line":17,"column":17},"end":{"line":17,"column":23}},"locations":[{"start":{"line":17,"column":17},"end":{"line":17,"column":23}}]},"12":{"type":"branch","line":22,"loc":{"start":{"line":22,"column":26},"end":{"line":26,"column":7}},"locations":[{"start":{"line":22,"column":26},"end":{"line":26,"column":7}}]},"13":{"type":"branch","line":23,"loc":{"start":{"line":23,"column":44},"end":{"line":24,"column":13}},"locations":[{"start":{"line":23,"column":44},"end":{"line":24,"column":13}}]},"14":{"type":"branch","line":25,"loc":{"start":{"line":25,"column":35},"end":{"line":26,"column":7}},"locations":[{"start":{"line":25,"column":35},"end":{"line":26,"column":7}}]},"15":{"type":"branch","line":27,"loc":{"start":{"line":27,"column":4},"end":{"line":29,"column":5}},"locations":[{"start":{"line":27,"column":4},"end":{"line":29,"column":5}}]},"16":{"type":"branch","line":28,"loc":{"start":{"line":28,"column":42},"end":{"line":28,"column":71}},"locations":[{"start":{"line":28,"column":42},"end":{"line":28,"column":71}}]},"17":{"type":"branch","line":55,"loc":{"start":{"line":55,"column":30},"end":{"line":55,"column":61}},"locations":[{"start":{"line":55,"column":30},"end":{"line":55,"column":61}}]},"18":{"type":"branch","line":74,"loc":{"start":{"line":74,"column":28},"end":{"line":74,"column":60}},"locations":[{"start":{"line":74,"column":28},"end":{"line":74,"column":60}}]},"19":{"type":"branch","line":92,"loc":{"start":{"line":92,"column":28},"end":{"line":92,"column":63}},"locations":[{"start":{"line":92,"column":28},"end":{"line":92,"column":63}}]},"20":{"type":"branch","line":121,"loc":{"start":{"line":121,"column":25},"end":{"line":121,"column":66}},"locations":[{"start":{"line":121,"column":25},"end":{"line":121,"column":66}}]}},"b":{"0":[175],"1":[82],"2":[93],"3":[82],"4":[2],"5":[0],"6":[82],"7":[93],"8":[82],"9":[93],"10":[4],"11":[0],"12":[2],"13":[1],"14":[1],"15":[2],"16":[0],"17":[18],"18":[84],"19":[57],"20":[3]},"fnMap":{"0":{"name":"Login","decl":{"start":{"line":6,"column":7},"end":{"line":134,"column":1}},"loc":{"start":{"line":6,"column":7},"end":{"line":134,"column":1}},"line":6},"1":{"name":"handleSubmit","decl":{"start":{"line":15,"column":23},"end":{"line":30,"column":3}},"loc":{"start":{"line":15,"column":23},"end":{"line":30,"column":3}},"line":15},"2":{"name":"onChange","decl":{"start":{"line":55,"column":30},"end":{"line":55,"column":61}},"loc":{"start":{"line":55,"column":30},"end":{"line":55,"column":61}},"line":55},"3":{"name":"onChange","decl":{"start":{"line":74,"column":28},"end":{"line":74,"column":60}},"loc":{"start":{"line":74,"column":28},"end":{"line":74,"column":60}},"line":74},"4":{"name":"onChange","decl":{"start":{"line":92,"column":28},"end":{"line":92,"column":63}},"loc":{"start":{"line":92,"column":28},"end":{"line":92,"column":63}},"line":92},"5":{"name":"onClick","decl":{"start":{"line":121,"column":25},"end":{"line":121,"column":66}},"loc":{"start":{"line":121,"column":25},"end":{"line":121,"column":66}},"line":121}},"f":{"0":175,"1":4,"2":18,"3":84,"4":57,"5":3}}
,"/Users/ryoukeyuusuke/simple_notion/frontend/src/components/Sidebar.tsx": {"path":"/Users/ryoukeyuusuke/simple_notion/frontend/src/components/Sidebar.tsx","all":false,"statementMap":{"0":{"start":{"line":1,"column":0},"end":{"line":1,"column":43}},"1":{"start":{"line":2,"column":0},"end":{"line":2,"column":47}},"2":{"start":{"line":3,"column":0},"end":{"line":3,"column":52}},"13":{"start":{"line":14,"column":0},"end":{"line":14,"column":131}},"14":{"start":{"line":15,"column":0},"end":{"line":15,"column":60}},"15":{"start":{"line":16,"column":0},"end":{"line":16,"column":57}},"16":{"start":{"line":17,"column":0},"end":{"line":17,"column":74}},"17":{"start":{"line":18,"column":0},"end":{"line":18,"column":71}},"19":{"start":{"line":20,"column":0},"end":{"line":20,"column":19}},"20":{"start":{"line":21,"column":0},"end":{"line":21,"column":19}},"21":{"start":{"line":22,"column":0},"end":{"line":22,"column":8}},"23":{"start":{"line":24,"column":0},"end":{"line":24,"column":37}},"24":{"start":{"line":25,"column":0},"end":{"line":25,"column":9}},"25":{"start":{"line":26,"column":0},"end":{"line":26,"column":54}},"26":{"start":{"line":27,"column":0},"end":{"line":27,"column":30}},"27":{"start":{"line":28,"column":0},"end":{"line":28,"column":8}},"28":{"start":{"line":29,"column":0},"end":{"line":29,"column":24}},"29":{"start":{"line":30,"column":0},"end":{"line":30,"column":42}},"30":{"start":{"line":31,"column":0},"end":{"line":31,"column":26}},"31":{"start":{"line":32,"column":0},"end":{"line":32,"column":14}},"33":{"start":{"line":34,"column":0},"end":{"line":34,"column":24}},"34":{"start":{"line":35,"column":0},"end":{"line":35,"column":7}},"35":{"start":{"line":36,"column":0},"end":{"line":36,"column":21}},"36":{"start":{"line":37,"column":0},"end":{"line":37,"column":55}},"38":{"start":{"line":39,"column":0},"end":{"line":39,"column":22}},"39":{"start":{"line":40,"column":0},"end":{"line":40,"column":5}},"40":{"start":{"line":41,"column":0},"end":{"line":41,"column":3}},"42":{"start":{"line":43,"column":0},"end":{"line":43,"column":44}},"43":{"start":{"line":44,"column":0},"end":{"line":44,"column":9}},"44":{"start":{"line":45,"column":0},"end":{"line":45,"column":67}},"45":{"start":{"line":46,"column":0},"end":{"line":46,"column":30}},"46":{"start":{"line":47,"column":0},"end":{"line":47,"column":8}},"47":{"start":{"line":48,"column":0},"end":{"line":48,"column":24}},"48":{"start":{"line":49,"column":0},"end":{"line":49,"column":42}},"49":{"start":{"line":50,"column":0},"end":{"line":50,"column":33}},"50":{"start":{"line":51,"column":0},"end":{"line":51,"column":14}},"52":{"start":{"line":53,"column":0},"end":{"line":53,"column":31}},"53":{"start":{"line":54,"column":0},"end":{"line":54,"column":7}},"54":{"start":{"line":55,"column":0},"end":{"line":55,"column":21}},"55":{"start":{"line":56,"column":0},"end":{"line":56,"column":63}},"57":{"start":{"line":58,"column":0},"end":{"line":58,"column":29}},"58":{"start":{"line":59,"column":0},"end":{"line":59,"column":5}},"59":{"start":{"line":60,"column":0},"end":{"line":60,"column":3}},"61":{"start":{"line":62,"column":0},"end":{"line":62,"column":38}},"62":{"start":{"line":63,"column":0},"end":{"line":63,"column":9}},"63":{"start":{"line":64,"column":0},"end":{"line":64,"column":54}},"64":{"start":{"line":65,"column":0},"end":{"line":65,"column":23}},"65":{"start":{"line":66,"column":0},"end":{"line":66,"column":56}},"66":{"start":{"line":67,"column":0},"end":{"line":67,"column":30}},"67":{"start":{"line":68,"column":0},"end":{"line":68,"column":28}},"68":{"start":{"line":69,"column":0},"end":{"line":69,"column":22}},"69":{"start":{"line":70,"column":0},"end":{"line":70,"column":24}},"70":{"start":{"line":71,"column":0},"end":{"line":71,"column":11}},"71":{"start":{"line":72,"column":0},"end":{"line":72,"column":30}},"72":{"start":{"line":73,"column":0},"end":{"line":73,"column":8}},"74":{"start":{"line":75,"column":0},"end":{"line":75,"column":24}},"75":{"start":{"line":76,"column":0},"end":{"line":76,"column":44}},"76":{"start":{"line":77,"column":0},"end":{"line":77,"column":47}},"77":{"start":{"line":78,"column":0},"end":{"line":78,"column":35}},"78":{"start":{"line":79,"column":0},"end":{"line":79,"column":7}},"79":{"start":{"line":80,"column":0},"end":{"line":80,"column":21}},"80":{"start":{"line":81,"column":0},"end":{"line":81,"column":56}},"81":{"start":{"line":82,"column":0},"end":{"line":82,"column":5}},"82":{"start":{"line":83,"column":0},"end":{"line":83,"column":3}},"84":{"start":{"line":85,"column":0},"end":{"line":85,"column":76}},"85":{"start":{"line":86,"column":0},"end":{"line":86,"column":27}},"86":{"start":{"line":87,"column":0},"end":{"line":87,"column":56}},"88":{"start":{"line":89,"column":0},"end":{"line":89,"column":9}},"89":{"start":{"line":90,"column":0},"end":{"line":90,"column":46}},"90":{"start":{"line":91,"column":0},"end":{"line":91,"column":25}},"91":{"start":{"line":92,"column":0},"end":{"line":92,"column":30}},"92":{"start":{"line":93,"column":0},"end":{"line":93,"column":8}},"95":{"start":{"line":96,"column":0},"end":{"line":96,"column":27}},"98":{"start":{"line":99,"column":0},"end":{"line":99,"column":29}},"99":{"start":{"line":100,"column":0},"end":{"line":100,"column":21}},"100":{"start":{"line":101,"column":0},"end":{"line":101,"column":56}},"101":{"start":{"line":102,"column":0},"end":{"line":102,"column":5}},"102":{"start":{"line":103,"column":0},"end":{"line":103,"column":3}},"104":{"start":{"line":105,"column":0},"end":{"line":105,"column":52}},"105":{"start":{"line":106,"column":0},"end":{"line":106,"column":9}},"106":{"start":{"line":107,"column":0},"end":{"line":107,"column":54}},"107":{"start":{"line":108,"column":0},"end":{"line":108,"column":22}},"108":{"start":{"line":109,"column":0},"end":{"line":109,"column":30}},"109":{"start":{"line":110,"column":0},"end":{"line":110,"column":8}},"110":{"start":{"line":111,"column":0},"end":{"line":111,"column":34}},"111":{"start":{"line":112,"column":0},"end":{"line":112,"column":27}},"112":{"start":{"line":113,"column":0},"end":{"line":113,"column":21}},"113":{"start":{"line":114,"column":0},"end":{"line":114,"column":57}},"114":{"start":{"line":115,"column":0},"end":{"line":115,"column":5}},"115":{"start":{"line":116,"column":0},"end":{"line":116,"column":3}},"117":{"start":{"line":118,"column":0},"end":{"line":118,"column":52}},"118":{"start":{"line":119,"column":0},"end":{"line":119,"column":84}},"120":{"start":{"line":121,"column":0},"end":{"line":121,"column":9}},"121":{"start":{"line":122,"column":0},"end":{"line":122,"column":46}},"122":{"start":{"line":123,"column":0},"end":{"line":123,"column":25}},"123":{"start":{"line":124,"column":0},"end":{"line":124,"column":30}},"124":{"start":{"line":125,"column":0},"end":{"line":125,"column":8}},"125":{"start":{"line":126,"column":0},"end":{"line":126,"column":34}},"126":{"start":{"line":127,"column":0},"end":{"line":127,"column":21}},"127":{"start":{"line":128,"column":0},"end":{"line":128,"column":56}},"128":{"start":{"line":129,"column":0},"end":{"line":129,"column":5}},"129":{"start":{"line":130,"column":0},"end":{"line":130,"column":3}},"131":{"start":{"line":132,"column":0},"end":{"line":132,"column":29}},"132":{"start":{"line":133,"column":0},"end":{"line":133,"column":34}},"133":{"start":{"line":134,"column":0},"end":{"line":134,"column":24}},"134":{"start":{"line":135,"column":0},"end":{"line":135,"column":28}},"135":{"start":{"line":136,"column":0},"end":{"line":136,"column":5}},"136":{"start":{"line":137,"column":0},"end":{"line":137,"column":3}},"138":{"start":{"line":139,"column":0},"end":{"line":139,"column":34}},"140":{"start":{"line":141,"column":0},"end":{"line":141,"column":10}},"141":{"start":{"line":142,"column":0},"end":{"line":142,"column":83}},"142":{"start":{"line":143,"column":0},"end":{"line":143,"column":52}},"143":{"start":{"line":144,"column":0},"end":{"line":144,"column":64}},"144":{"start":{"line":145,"column":0},"end":{"line":145,"column":76}},"145":{"start":{"line":146,"column":0},"end":{"line":146,"column":17}},"146":{"start":{"line":147,"column":0},"end":{"line":147,"column":27}},"147":{"start":{"line":148,"column":0},"end":{"line":148,"column":23}},"148":{"start":{"line":149,"column":0},"end":{"line":149,"column":37}},"150":{"start":{"line":151,"column":0},"end":{"line":151,"column":40}},"151":{"start":{"line":152,"column":0},"end":{"line":152,"column":19}},"152":{"start":{"line":153,"column":0},"end":{"line":153,"column":14}},"154":{"start":{"line":155,"column":0},"end":{"line":155,"column":15}},"155":{"start":{"line":156,"column":0},"end":{"line":156,"column":34}},"156":{"start":{"line":157,"column":0},"end":{"line":157,"column":28}},"157":{"start":{"line":158,"column":0},"end":{"line":158,"column":19}},"159":{"start":{"line":160,"column":0},"end":{"line":160,"column":43}},"161":{"start":{"line":162,"column":0},"end":{"line":162,"column":17}},"162":{"start":{"line":163,"column":0},"end":{"line":163,"column":12}},"164":{"start":{"line":165,"column":0},"end":{"line":165,"column":46}},"165":{"start":{"line":166,"column":0},"end":{"line":166,"column":29}},"166":{"start":{"line":167,"column":0},"end":{"line":167,"column":66}},"167":{"start":{"line":168,"column":0},"end":{"line":168,"column":62}},"168":{"start":{"line":169,"column":0},"end":{"line":169,"column":56}},"169":{"start":{"line":170,"column":0},"end":{"line":170,"column":17}},"170":{"start":{"line":171,"column":0},"end":{"line":171,"column":19}},"171":{"start":{"line":172,"column":0},"end":{"line":172,"column":29}},"172":{"start":{"line":173,"column":0},"end":{"line":173,"column":23}},"173":{"start":{"line":174,"column":0},"end":{"line":174,"column":35}},"175":{"start":{"line":176,"column":0},"end":{"line":176,"column":44}},"176":{"start":{"line":177,"column":0},"end":{"line":177,"column":21}},"177":{"start":{"line":178,"column":0},"end":{"line":178,"column":16}},"179":{"start":{"line":180,"column":0},"end":{"line":180,"column":37}},"180":{"start":{"line":181,"column":0},"end":{"line":181,"column":73}},"181":{"start":{"line":182,"column":0},"end":{"line":182,"column":18}},"182":{"start":{"line":183,"column":0},"end":{"line":183,"column":28}},"183":{"start":{"line":184,"column":0},"end":{"line":184,"column":93}},"184":{"start":{"line":185,"column":0},"end":{"line":185,"column":46}},"185":{"start":{"line":186,"column":0},"end":{"line":186,"column":49}},"186":{"start":{"line":187,"column":0},"end":{"line":187,"column":41}},"187":{"start":{"line":188,"column":0},"end":{"line":188,"column":19}},"188":{"start":{"line":189,"column":0},"end":{"line":189,"column":73}},"189":{"start":{"line":190,"column":0},"end":{"line":190,"column":60}},"190":{"start":{"line":191,"column":0},"end":{"line":191,"column":58}},"192":{"start":{"line":193,"column":0},"end":{"line":193,"column":67}},"193":{"start":{"line":194,"column":0},"end":{"line":194,"column":43}},"194":{"start":{"line":195,"column":0},"end":{"line":195,"column":22}},"195":{"start":{"line":196,"column":0},"end":{"line":196,"column":55}},"196":{"start":{"line":197,"column":0},"end":{"line":197,"column":72}},"197":{"start":{"line":198,"column":0},"end":{"line":198,"column":36}},"198":{"start":{"line":199,"column":0},"end":{"line":199,"column":37}},"199":{"start":{"line":200,"column":0},"end":{"line":200,"column":34}},"200":{"start":{"line":201,"column":0},"end":{"line":201,"column":21}},"201":{"start":{"line":202,"column":0},"end":{"line":202,"column":22}},"204":{"start":{"line":205,"column":0},"end":{"line":205,"column":62}},"205":{"start":{"line":206,"column":0},"end":{"line":206,"column":25}},"206":{"start":{"line":207,"column":0},"end":{"line":207,"column":29}},"207":{"start":{"line":208,"column":0},"end":{"line":208,"column":35}},"208":{"start":{"line":209,"column":0},"end":{"line":209,"column":119}},"209":{"start":{"line":210,"column":0},"end":{"line":210,"column":62}},"211":{"start":{"line":212,"column":0},"end":{"line":212,"column":45}},"212":{"start":{"line":213,"column":0},"end":{"line":213,"column":27}},"215":{"start":{"line":216,"column":0},"end":{"line":216,"column":34}},"216":{"start":{"line":217,"column":0},"end":{"line":217,"column":55}},"217":{"start":{"line":218,"column":0},"end":{"line":218,"column":27}},"218":{"start":{"line":219,"column":0},"end":{"line":219,"column":31}},"219":{"start":{"line":220,"column":0},"end":{"line":220,"column":39}},"220":{"start":{"line":221,"column":0},"end":{"line":221,"column":61}},"221":{"start":{"line":222,"column":0},"end":{"line":222,"column":21}},"223":{"start":{"line":224,"column":0},"end":{"line":224,"column":29}},"224":{"start":{"line":225,"column":0},"end":{"line":225,"column":27}},"225":{"start":{"line":226,"column":0},"end":{"line":226,"column":31}},"226":{"start":{"line":227,"column":0},"end":{"line":227,"column":43}},"227":{"start":{"line":228,"column":0},"end":{"line":228,"column":61}},"228":{"start":{"line":229,"column":0},"end":{"line":229,"column":21}},"230":{"start":{"line":231,"column":0},"end":{"line":231,"column":29}},"231":{"start":{"line":232,"column":0},"end":{"line":232,"column":24}},"233":{"start":{"line":234,"column":0},"end":{"line":234,"column":20}},"234":{"start":{"line":235,"column":0},"end":{"line":235,"column":15}},"235":{"start":{"line":236,"column":0},"end":{"line":236,"column":16}},"236":{"start":{"line":237,"column":0},"end":{"line":237,"column":14}},"237":{"start":{"line":238,"column":0},"end":{"line":238,"column":12}},"238":{"start":{"line":239,"column":0},"end":{"line":239,"column":10}},"240":{"start":{"line":241,"column":0},"end":{"line":241,"column":1}}},"s":{"0":1,"1":1,"2":1,"13":1,"14":47,"15":47,"16":47,"17":47,"19":47,"20":16,"21":47,"23":47,"24":17,"25":17,"26":17,"27":17,"28":16,"29":16,"30":16,"31":17,"33":0,"34":0,"35":17,"36":1,"38":1,"39":1,"40":17,"42":47,"43":6,"44":6,"45":6,"46":6,"47":6,"48":6,"49":6,"50":6,"52":0,"53":0,"54":6,"55":0,"57":0,"58":0,"59":6,"61":47,"62":2,"63":2,"64":2,"65":2,"66":2,"67":2,"68":2,"69":2,"70":2,"71":2,"72":2,"74":1,"75":1,"76":1,"77":1,"78":1,"79":2,"80":1,"81":1,"82":2,"84":47,"85":0,"86":0,"88":0,"89":0,"90":0,"91":0,"92":0,"95":0,"98":0,"99":0,"100":0,"101":0,"102":0,"104":47,"105":1,"106":1,"107":1,"108":1,"109":1,"110":1,"111":1,"112":1,"113":0,"114":0,"115":1,"117":47,"118":2,"120":1,"121":1,"122":1,"123":1,"124":1,"125":1,"126":2,"127":0,"128":0,"129":2,"131":47,"132":4,"133":4,"134":4,"135":4,"136":4,"138":47,"140":45,"141":45,"142":45,"143":45,"144":45,"145":45,"146":45,"147":45,"148":45,"150":45,"151":45,"152":45,"154":45,"155":45,"156":45,"157":45,"159":45,"161":45,"162":45,"164":45,"165":45,"166":45,"167":45,"168":47,"169":47,"170":47,"171":47,"172":47,"173":47,"175":47,"176":47,"177":47,"179":47,"180":47,"181":42,"182":42,"183":42,"184":42,"185":16,"186":26,"187":42,"188":42,"189":42,"190":42,"192":42,"193":42,"194":42,"195":42,"196":42,"197":42,"198":42,"199":42,"200":42,"201":42,"204":42,"205":1,"206":1,"207":1,"208":1,"209":1,"211":1,"212":1,"215":42,"216":9,"217":9,"218":9,"219":9,"220":9,"221":9,"223":9,"224":9,"225":9,"226":9,"227":9,"228":9,"230":9,"231":9,"233":42,"234":47,"235":47,"236":47,"237":47,"238":47,"240":47},"branchMap":{"0":{"type":"branch","line":14,"loc":{"start":{"line":14,"column":7},"end":{"line":241,"column":1}},"locations":[{"start":{"line":14,"column":7},"end":{"line":241,"column":1}}]},"1":{"type":"branch","line":139,"loc":{"start":{"line":139,"column":23},"end":{"line":139,"column":34}},"locations":[{"start":{"line":139,"column":23},"end":{"line":139,"column":34}}]},"2":{"type":"branch","line":139,"loc":{"start":{"line":139,"column":30},"end":{"line":169,"column":30}},"locations":[{"start":{"line":139,"column":30},"end":{"line":169,"column":30}}]},"3":{"type":"branch","line":169,"loc":{"start":{"line":169,"column":15},"end":{"line":169,"column":40}},"locations":[{"start":{"line":169,"column":15},"end":{"line":169,"column":40}}]},"4":{"type":"branch","line":169,"loc":{"start":{"line":169,"column":30},"end":{"line":169,"column":56}},"locations":[{"start":{"line":169,"column":30},"end":{"line":169,"column":56}}]},"5":{"type":"branch","line":181,"loc":{"start":{"line":181,"column":14},"end":{"line":181,"column":48}},"locations":[{"start":{"line":181,"column":14},"end":{"line":181,"column":48}}]},"6":{"type":"branch","line":181,"loc":{"start":{"line":181,"column":29},"end":{"line":181,"column":59}},"locations":[{"start":{"line":181,"column":29},"end":{"line":181,"column":59}}]},"7":{"type":"branch","line":20,"loc":{"start":{"line":20,"column":12},"end":{"line":22,"column":5}},"locations":[{"start":{"line":20,"column":12},"end":{"line":22,"column":5}}]},"8":{"type":"branch","line":24,"loc":{"start":{"line":24,"column":24},"end":{"line":41,"column":3}},"locations":[{"start":{"line":24,"column":24},"end":{"line":41,"column":3}}]},"9":{"type":"branch","line":28,"loc":{"start":{"line":28,"column":7},"end":{"line":32,"column":13}},"locations":[{"start":{"line":28,"column":7},"end":{"line":32,"column":13}}]},"10":{"type":"branch","line":32,"loc":{"start":{"line":32,"column":6},"end":{"line":35,"column":7}},"locations":[{"start":{"line":32,"column":6},"end":{"line":35,"column":7}}]},"11":{"type":"branch","line":36,"loc":{"start":{"line":36,"column":4},"end":{"line":40,"column":5}},"locations":[{"start":{"line":36,"column":4},"end":{"line":40,"column":5}}]},"12":{"type":"branch","line":43,"loc":{"start":{"line":43,"column":31},"end":{"line":60,"column":3}},"locations":[{"start":{"line":43,"column":31},"end":{"line":60,"column":3}}]},"13":{"type":"branch","line":51,"loc":{"start":{"line":51,"column":6},"end":{"line":54,"column":7}},"locations":[{"start":{"line":51,"column":6},"end":{"line":54,"column":7}}]},"14":{"type":"branch","line":55,"loc":{"start":{"line":55,"column":4},"end":{"line":59,"column":5}},"locations":[{"start":{"line":55,"column":4},"end":{"line":59,"column":5}}]},"15":{"type":"branch","line":62,"loc":{"start":{"line":62,"column":25},"end":{"line":83,"column":3}},"locations":[{"start":{"line":62,"column":25},"end":{"line":83,"column":3}}]},"16":{"type":"branch","line":73,"loc":{"start":{"line":73,"column":7},"end":{"line":79,"column":7}},"locations":[{"start":{"line":73,"column":7},"end":{"line":79,"column":7}}]},"17":{"type":"branch","line":80,"loc":{"start":{"line":80,"column":4},"end":{"line":82,"column":5}},"locations":[{"start":{"line":80,"column":4},"end":{"line":82,"column":5}}]},"18":{"type":"branch","line":77,"loc":{"start":{"line":77,"column":21},"end":{"line":77,"column":46}},"locations":[{"start":{"line":77,"column":21},"end":{"line":77,"column":46}}]},"19":{"type":"branch","line":105,"loc":{"start":{"line":105,"column":26},"end":{"line":116,"column":3}},"locations":[{"start":{"line":105,"column":26},"end":{"line":116,"column":3}}]},"20":{"type":"branch","line":113,"loc":{"start":{"line":113,"column":4},"end":{"line":115,"column":5}},"locations":[{"start":{"line":113,"column":4},"end":{"line":115,"column":5}}]},"21":{"type":"branch","line":118,"loc":{"start":{"line":118,"column":26},"end":{"line":130,"column":3}},"locations":[{"start":{"line":118,"column":26},"end":{"line":130,"column":3}}]},"22":{"type":"branch","line":119,"loc":{"start":{"line":119,"column":78},"end":{"line":127,"column":13}},"locations":[{"start":{"line":119,"column":78},"end":{"line":127,"column":13}}]},"23":{"type":"branch","line":127,"loc":{"start":{"line":127,"column":4},"end":{"line":129,"column":5}},"locations":[{"start":{"line":127,"column":4},"end":{"line":129,"column":5}}]},"24":{"type":"branch","line":132,"loc":{"start":{"line":132,"column":22},"end":{"line":137,"column":3}},"locations":[{"start":{"line":132,"column":22},"end":{"line":137,"column":3}}]},"25":{"type":"branch","line":181,"loc":{"start":{"line":181,"column":63},"end":{"line":234,"column":20}},"locations":[{"start":{"line":181,"column":63},"end":{"line":234,"column":20}}]},"26":{"type":"branch","line":185,"loc":{"start":{"line":185,"column":44},"end":{"line":186,"column":49}},"locations":[{"start":{"line":185,"column":44},"end":{"line":186,"column":49}}]},"27":{"type":"branch","line":186,"loc":{"start":{"line":186,"column":22},"end":{"line":187,"column":41}},"locations":[{"start":{"line":186,"column":22},"end":{"line":187,"column":41}}]},"28":{"type":"branch","line":194,"loc":{"start":{"line":194,"column":23},"end":{"line":194,"column":43}},"locations":[{"start":{"line":194,"column":23},"end":{"line":194,"column":43}}]},"29":{"type":"branch","line":205,"loc":{"start":{"line":205,"column":18},"end":{"line":205,"column":62}},"locations":[{"start":{"line":205,"column":18},"end":{"line":205,"column":62}}]},"30":{"type":"branch","line":205,"loc":{"start":{"line":205,"column":55},"end":{"line":213,"column":27}},"locations":[{"start":{"line":205,"column":55},"end":{"line":213,"column":27}}]},"31":{"type":"branch","line":216,"loc":{"start":{"line":216,"column":17},"end":{"line":232,"column":24}},"locations":[{"start":{"line":216,"column":17},"end":{"line":232,"column":24}}]},"32":{"type":"branch","line":189,"loc":{"start":{"line":189,"column":25},"end":{"line":189,"column":73}},"locations":[{"start":{"line":189,"column":25},"end":{"line":189,"column":73}}]},"33":{"type":"branch","line":189,"loc":{"start":{"line":189,"column":32},"end":{"line":189,"column":73}},"locations":[{"start":{"line":189,"column":32},"end":{"line":189,"column":73}}]},"34":{"type":"branch","line":190,"loc":{"start":{"line":190,"column":30},"end":{"line":190,"column":60}},"locations":[{"start":{"line":190,"column":30},"end":{"line":190,"column":60}}]},"35":{"type":"branch","line":221,"loc":{"start":{"line":221,"column":31},"end":{"line":221,"column":61}},"locations":[{"start":{"line":221,"column":31},"end":{"line":221,"column":61}}]},"36":{"type":"branch","line":228,"loc":{"start":{"line":228,"column":31},"end":{"line":228,"column":61}},"locations":[{"start":{"line":228,"column":31},"end":{"line":228,"column":61}}]}},"b":{"0":[47],"1":[2],"2":[45],"3":[13],"4":[32],"5":[13],"6":[32],"7":[16],"8":[17],"9":[16],"10":[0],"11":[1],"12":[6],"13":[0],"14":[0],"15":[2],"16":[1],"17":[1],"18":[1],"19":[1],"20":[0],"21":[2],"22":[1],"23":[0],"24":[4],"25":[42],"26":[16],"27":[26],"28":[0],"29":[33],"30":[1],"31":[9],"32":[4],"33":[1],"34":[4],"35":[1],"36":[2]},"fnMap":{"0":{"name":"Sidebar","decl":{"start":{"line":14,"column":7},"end":{"line":241,"column":1}},"loc":{"start":{"line":14,"column":7},"end":{"line":241,"column":1}},"line":14},"1":{"name":"loadDocuments","decl":{"start":{"line":24,"column":24},"end":{"line":41,"column":3}},"loc":{"start":{"line":24,"column":24},"end":{"line":41,"column":3}},"line":24},"2":{"name":"loadTrashedDocuments","decl":{"start":{"line":43,"column":31},"end":{"line":60,"column":3}},"loc":{"start":{"line":43,"column":31},"end":{"line":60,"column":3}},"line":43},"3":{"name":"createDocument","decl":{"start":{"line":62,"column":25},"end":{"line":83,"column":3}},"loc":{"start":{"line":62,"column":25},"end":{"line":83,"column":3}},"line":62},"4":{"name":"deleteDocument","decl":{"start":{"line":85,"column":25},"end":{"line":103,"column":3}},"loc":{"start":{"line":85,"column":25},"end":{"line":103,"column":3}},"line":85},"5":{"name":"restoreDocument","decl":{"start":{"line":105,"column":26},"end":{"line":116,"column":3}},"loc":{"start":{"line":105,"column":26},"end":{"line":116,"column":3}},"line":105},"6":{"name":"permanentDelete","decl":{"start":{"line":118,"column":26},"end":{"line":130,"column":3}},"loc":{"start":{"line":118,"column":26},"end":{"line":130,"column":3}},"line":118},"7":{"name":"toggleTrash","decl":{"start":{"line":132,"column":22},"end":{"line":137,"column":3}},"loc":{"start":{"line":132,"column":22},"end":{"line":137,"column":3}},"line":132},"8":{"name":"onClick","decl":{"start":{"line":189,"column":25},"end":{"line":189,"column":73}},"loc":{"start":{"line":189,"column":25},"end":{"line":189,"column":73}},"line":189},"9":{"name":"onMouseEnter","decl":{"start":{"line":190,"column":30},"end":{"line":190,"column":60}},"loc":{"start":{"line":190,"column":30},"end":{"line":190,"column":60}},"line":190},"10":{"name":"onMouseLeave","decl":{"start":{"line":191,"column":30},"end":{"line":191,"column":58}},"loc":{"start":{"line":191,"column":30},"end":{"line":191,"column":58}},"line":191},"11":{"name":"onClick","decl":{"start":{"line":210,"column":29},"end":{"line":210,"column":62}},"loc":{"start":{"line":210,"column":29},"end":{"line":210,"column":62}},"line":210},"12":{"name":"onClick","decl":{"start":{"line":221,"column":31},"end":{"line":221,"column":61}},"loc":{"start":{"line":221,"column":31},"end":{"line":221,"column":61}},"line":221},"13":{"name":"onClick","decl":{"start":{"line":228,"column":31},"end":{"line":228,"column":61}},"loc":{"start":{"line":228,"column":31},"end":{"line":228,"column":61}},"line":228}},"f":{"0":47,"1":17,"2":6,"3":2,"4":0,"5":1,"6":2,"7":4,"8":4,"9":4,"10":0,"11":0,"12":1,"13":2}}
[...]
,"/Users/ryoukeyuusuke/simple_notion/frontend/src/components/ui/input.tsx": {"path":"/Users/ryoukeyuusuke/simple_notion/frontend/src/components/ui/input.tsx","all":false,"statementMap":{"0":{"start":{"line":1,"column":0},"end":{"line":1,"column":30}},"2":{"start":{"line":3,"column":0},"end":{"line":3,"column":32}},"4":{"start":{"line":5,"column":0},"end":{"line":5,"column":31}},"7":{"start":{"line":8,"column":0},"end":{"line":8,"column":43}},"8":{"start":{"line":9,"column":0},"end":{"line":9,"column":10}},"9":{"start":{"line":10,"column":0},"end":{"line":10,"column":10}},"10":{"start":{"line":11,"column":0},"end":{"line":11,"column":17}},"11":{"start":{"line":12,"column":0},"end":{"line":12,"column":20}},"12":{"start":{"line":13,"column":0},"end":{"line":13,"column":359}},"13":{"start":{"line":14,"column":0},"end":{"line":14,"column":17}},"14":{"start":{"line":15,"column":0},"end":{"line":15,"column":8}},"15":{"start":{"line":16,"column":0},"end":{"line":16,"column":15}},"16":{"start":{"line":17,"column":0},"end":{"line":17,"column":16}},"17":{"start":{"line":18,"column":0},"end":{"line":18,"column":6}},"19":{"start":{"line":20,"column":0},"end":{"line":20,"column":2}},"20":{"start":{"line":21,"column":0},"end":{"line":21,"column":27}}},"s":{"0":1,"2":1,"4":1,"7":1,"8":477,"9":477,"10":477,"11":477,"12":477,"13":477,"14":477,"15":477,"16":477,"17":477,"19":477,"20":1},"branchMap":{"0":{"type":"branch","line":8,"loc":{"start":{"line":8,"column":2},"end":{"line":20,"column":2}},"locations":[{"start":{"line":8,"column":2},"end":{"line":20,"column":2}}]}},"b":{"0":[477]},"fnMap":{},"f":{}}
,"/Users/ryoukeyuusuke/simple_notion/frontend/src/lib/utils.ts": {"path":"/Users/ryoukeyuusuke/simple_notion/frontend/src/lib/utils.ts","all":false,"statementMap":{"0":{"start":{"line":1,"column":0},"end":{"line":1,"column":44}},"1":{"start":{"line":2,"column":0},"end":{"line":2,"column":40}},"3":{"start":{"line":4,"column":0},"end":{"line":4,"column":45}},"4":{"start":{"line":5,"column":0},"end":{"line":5,"column":30}},"5":{"start":{"line":6,"column":0},"end":{"line":6,"column":1}}},"s":{"0":1,"1":1,"3":1,"4":902,"5":902},"branchMap":{"0":{"type":"branch","line":4,"loc":{"start":{"line":4,"column":7},"end":{"line":6,"column":1}},"locations":[{"start":{"line":4,"column":7},"end":{"line":6,"column":1}}]}},"b":{"0":[902]},"fnMap":{"0":{"name":"cn","decl":{"start":{"line":4,"column":7},"end":{"line":6,"column":1}},"loc":{"start":{"line":4,"column":7},"end":{"line":6,"column":1}},"line":4}},"f":{"0":902}}
,"/Users/ryoukeyuusuke/simple_notion/frontend/src/stores/auth.ts": {"path":"/Users/ryoukeyuusuke/simple_notion/frontend/src/stores/auth.ts","all":false,"statementMap":{"0":{"start":{"line":1,"column":0},"end":{"line":1,"column":32}},"4":{"start":{"line":5,"column":0},"end":{"line":5,"column":60}},"14":{"start":{"line":15,"column":0},"end":{"line":15,"column":57}},"15":{"start":{"line":16,"column":0},"end":{"line":16,"column":13}},"16":{"start":{"line":17,"column":0},"end":{"line":17,"column":14}},"17":{"start":{"line":18,"column":0},"end":{"line":18,"column":17}},"19":{"start":{"line":20,"column":0},"end":{"line":20,"column":53}},"21":{"start":{"line":22,"column":0},"end":{"line":22,"column":53}},"22":{"start":{"line":23,"column":0},"end":{"line":23,"column":26}},"24":{"start":{"line":25,"column":0},"end":{"line":25,"column":9}},"25":{"start":{"line":26,"column":0},"end":{"line":26,"column":70}},"26":{"start":{"line":27,"column":0},"end":{"line":27,"column":23}},"27":{"start":{"line":28,"column":0},"end":{"line":28,"column":56}},"28":{"start":{"line":29,"column":0},"end":{"line":29,"column":50}},"29":{"start":{"line":30,"column":0},"end":{"line":30,"column":30}},"30":{"start":{"line":31,"column":0},"end":{"line":31,"column":8}},"32":{"start":{"line":33,"column":0},"end":{"line":33,"column":25}},"33":{"start":{"line":34,"column":0},"end":{"line":34,"column":43}},"34":{"start":{"line":35,"column":0},"end":{"line":35,"column":48}},"35":{"start":{"line":36,"column":0},"end":{"line":36,"column":7}},"37":{"start":{"line":38,"column":0},"end":{"line":38,"column":40}},"38":{"start":{"line":39,"column":0},"end":{"line":39,"column":11}},"39":{"start":{"line":40,"column":0},"end":{"line":40,"column":24}},"40":{"start":{"line":41,"column":0},"end":{"line":41,"column":26}},"41":{"start":{"line":42,"column":0},"end":{"line":42,"column":22}},"42":{"start":{"line":43,"column":0},"end":{"line":43,"column":8}},"43":{"start":{"line":44,"column":0},"end":{"line":44,"column":21}},"44":{"start":{"line":45,"column":0},"end":{"line":45,"column":29}},"45":{"start":{"line":46,"column":0},"end":{"line":46,"column":17}},"46":{"start":{"line":47,"column":0},"end":{"line":47,"column":5}},"47":{"start":{"line":48,"column":0},"end":{"line":48,"column":4}},"49":{"start":{"line":50,"column":0},"end":{"line":50,"column":70}},"50":{"start":{"line":51,"column":0},"end":{"line":51,"column":26}},"52":{"start":{"line":53,"column":0},"end":{"line":53,"column":9}},"53":{"start":{"line":54,"column":0},"end":{"line":54,"column":73}},"54":{"start":{"line":55,"column":0},"end":{"line":55,"column":23}},"55":{"start":{"line":56,"column":0},"end":{"line":56,"column":56}},"56":{"start":{"line":57,"column":0},"end":{"line":57,"column":56}},"57":{"start":{"line":58,"column":0},"end":{"line":58,"column":30}},"58":{"start":{"line":59,"column":0},"end":{"line":59,"column":8}},"60":{"start":{"line":61,"column":0},"end":{"line":61,"column":25}},"61":{"start":{"line":62,"column":0},"end":{"line":62,"column":43}},"62":{"start":{"line":63,"column":0},"end":{"line":63,"column":55}},"63":{"start":{"line":64,"column":0},"end":{"line":64,"column":7}},"65":{"start":{"line":66,"column":0},"end":{"line":66,"column":40}},"66":{"start":{"line":67,"column":0},"end":{"line":67,"column":11}},"67":{"start":{"line":68,"column":0},"end":{"line":68,"column":24}},"68":{"start":{"line":69,"column":0},"end":{"line":69,"column":26}},"69":{"start":{"line":70,"column":0},"end":{"line":70,"column":22}},"70":{"start":{"line":71,"column":0},"end":{"line":71,"column":8}},"71":{"start":{"line":72,"column":0},"end":{"line":72,"column":21}},"72":{"start":{"line":73,"column":0},"end":{"line":73,"column":29}},"73":{"start":{"line":74,"column":0},"end":{"line":74,"column":17}},"74":{"start":{"line":75,"column":0},"end":{"line":75,"column":5}},"75":{"start":{"line":76,"column":0},"end":{"line":76,"column":4}},"77":{"start":{"line":78,"column":0},"end":{"line":78,"column":23}},"78":{"start":{"line":79,"column":0},"end":{"line":79,"column":52}},"79":{"start":{"line":80,"column":0},"end":{"line":80,"column":21}},"80":{"start":{"line":81,"column":0},"end":{"line":81,"column":28}},"81":{"start":{"line":82,"column":0},"end":{"line":82,"column":6}},"83":{"start":{"line":84,"column":0},"end":{"line":84,"column":9}},"84":{"start":{"line":85,"column":0},"end":{"line":85,"column":17}},"85":{"start":{"line":86,"column":0},"end":{"line":86,"column":18}},"86":{"start":{"line":87,"column":0},"end":{"line":87,"column":20}},"87":{"start":{"line":88,"column":0},"end":{"line":88,"column":6}},"88":{"start":{"line":89,"column":0},"end":{"line":89,"column":4}},"90":{"start":{"line":91,"column":0},"end":{"line":91,"column":26}},"91":{"start":{"line":92,"column":0},"end":{"line":92,"column":9}},"92":{"start":{"line":93,"column":0},"end":{"line":93,"column":67}},"93":{"start":{"line":94,"column":0},"end":{"line":94,"column":30}},"94":{"start":{"line":95,"column":0},"end":{"line":95,"column":8}},"96":{"start":{"line":97,"column":0},"end":{"line":97,"column":24}},"97":{"start":{"line":98,"column":0},"end":{"line":98,"column":42}},"98":{"start":{"line":99,"column":0},"end":{"line":99,"column":13}},"99":{"start":{"line":100,"column":0},"end":{"line":100,"column":26}},"100":{"start":{"line":101,"column":0},"end":{"line":101,"column":27}},"101":{"start":{"line":102,"column":0},"end":{"line":102,"column":10}},"102":{"start":{"line":103,"column":0},"end":{"line":103,"column":14}},"104":{"start":{"line":105,"column":0},"end":{"line":105,"column":13}},"105":{"start":{"line":106,"column":0},"end":{"line":106,"column":21}},"106":{"start":{"line":107,"column":0},"end":{"line":107,"column":21}},"107":{"start":{"line":108,"column":0},"end":{"line":108,"column":10}},"108":{"start":{"line":109,"column":0},"end":{"line":109,"column":7}},"109":{"start":{"line":110,"column":0},"end":{"line":110,"column":21}},"110":{"start":{"line":111,"column":0},"end":{"line":111,"column":48}},"112":{"start":{"line":113,"column":0},"end":{"line":113,"column":11}},"113":{"start":{"line":114,"column":0},"end":{"line":114,"column":19}},"114":{"start":{"line":115,"column":0},"end":{"line":115,"column":19}},"115":{"start":{"line":116,"column":0},"end":{"line":116,"column":8}},"116":{"start":{"line":117,"column":0},"end":{"line":117,"column":5}},"117":{"start":{"line":118,"column":0},"end":{"line":118,"column":3}},"118":{"start":{"line":119,"column":0},"end":{"line":119,"column":3}}},"s":{"0":1,"4":1,"14":1,"15":1,"16":1,"17":1,"19":1,"21":1,"22":4,"24":4,"25":4,"26":4,"27":4,"28":4,"29":4,"30":4,"32":4,"33":1,"34":1,"35":1,"37":2,"38":2,"39":2,"40":2,"41":2,"42":2,"43":2,"44":2,"45":2,"46":2,"47":4,"49":1,"50":3,"52":3,"53":3,"54":3,"55":3,"56":3,"57":3,"58":3,"60":3,"61":1,"62":1,"63":1,"65":2,"66":2,"67":2,"68":2,"69":2,"70":2,"71":3,"72":1,"73":1,"74":1,"75":3,"77":1,"78":2,"79":2,"80":2,"81":2,"83":2,"84":2,"85":2,"86":2,"87":2,"88":2,"90":1,"91":3,"92":3,"93":3,"94":3,"96":3,"97":1,"98":1,"99":1,"100":1,"101":1,"102":1,"104":1,"105":1,"106":1,"107":1,"108":1,"109":3,"110":1,"112":1,"113":1,"114":1,"115":1,"116":1,"117":3,"118":1},"branchMap":{"0":{"type":"branch","line":15,"loc":{"start":{"line":15,"column":46},"end":{"line":119,"column":2}},"locations":[{"start":{"line":15,"column":46},"end":{"line":119,"column":2}}]},"1":{"type":"branch","line":20,"loc":{"start":{"line":20,"column":14},"end":{"line":20,"column":53}},"locations":[{"start":{"line":20,"column":14},"end":{"line":20,"column":53}}]},"2":{"type":"branch","line":22,"loc":{"start":{"line":22,"column":9},"end":{"line":48,"column":4}},"locations":[{"start":{"line":22,"column":9},"end":{"line":48,"column":4}}]},"3":{"type":"branch","line":31,"loc":{"start":{"line":31,"column":7},"end":{"line":33,"column":24}},"locations":[{"start":{"line":31,"column":7},"end":{"line":33,"column":24}}]},"4":{"type":"branch","line":33,"loc":{"start":{"line":33,"column":24},"end":{"line":36,"column":7}},"locations":[{"start":{"line":33,"column":24},"end":{"line":36,"column":7}}]},"5":{"type":"branch","line":35,"loc":{"start":{"line":35,"column":24},"end":{"line":35,"column":47}},"locations":[{"start":{"line":35,"column":24},"end":{"line":35,"column":47}}]},"6":{"type":"branch","line":36,"loc":{"start":{"line":36,"column":6},"end":{"line":47,"column":5}},"locations":[{"start":{"line":36,"column":6},"end":{"line":47,"column":5}}]},"7":{"type":"branch","line":50,"loc":{"start":{"line":50,"column":12},"end":{"line":76,"column":4}},"locations":[{"start":{"line":50,"column":12},"end":{"line":76,"column":4}}]},"8":{"type":"branch","line":61,"loc":{"start":{"line":61,"column":24},"end":{"line":64,"column":7}},"locations":[{"start":{"line":61,"column":24},"end":{"line":64,"column":7}}]},"9":{"type":"branch","line":63,"loc":{"start":{"line":63,"column":24},"end":{"line":63,"column":54}},"locations":[{"start":{"line":63,"column":24},"end":{"line":63,"column":54}}]},"10":{"type":"branch","line":64,"loc":{"start":{"line":64,"column":6},"end":{"line":72,"column":13}},"locations":[{"start":{"line":64,"column":6},"end":{"line":72,"column":13}}]},"11":{"type":"branch","line":72,"loc":{"start":{"line":72,"column":4},"end":{"line":75,"column":5}},"locations":[{"start":{"line":72,"column":4},"end":{"line":75,"column":5}}]},"12":{"type":"branch","line":78,"loc":{"start":{"line":78,"column":10},"end":{"line":89,"column":4}},"locations":[{"start":{"line":78,"column":10},"end":{"line":89,"column":4}}]},"13":{"type":"branch","line":91,"loc":{"start":{"line":91,"column":13},"end":{"line":118,"column":3}},"locations":[{"start":{"line":91,"column":13},"end":{"line":118,"column":3}}]},"14":{"type":"branch","line":95,"loc":{"start":{"line":95,"column":7},"end":{"line":97,"column":23}},"locations":[{"start":{"line":95,"column":7},"end":{"line":97,"column":23}}]},"15":{"type":"branch","line":97,"loc":{"start":{"line":97,"column":23},"end":{"line":109,"column":7}},"locations":[{"start":{"line":97,"column":23},"end":{"line":109,"column":7}}]},"16":{"type":"branch","line":110,"loc":{"start":{"line":110,"column":4},"end":{"line":117,"column":5}},"locations":[{"start":{"line":110,"column":4},"end":{"line":117,"column":5}}]}},"b":{"0":[1],"1":[2],"2":[4],"3":[3],"4":[1],"5":[0],"6":[2],"7":[3],"8":[1],"9":[0],"10":[2],"11":[1],"12":[2],"13":[3],"14":[2],"15":[1],"16":[1]},"fnMap":{"0":{"name":"setLoading","decl":{"start":{"line":20,"column":14},"end":{"line":20,"column":53}},"loc":{"start":{"line":20,"column":14},"end":{"line":20,"column":53}},"line":20},"1":{"name":"login","decl":{"start":{"line":22,"column":9},"end":{"line":48,"column":4}},"loc":{"start":{"line":22,"column":9},"end":{"line":48,"column":4}},"line":22},"2":{"name":"register","decl":{"start":{"line":50,"column":12},"end":{"line":76,"column":4}},"loc":{"start":{"line":50,"column":12},"end":{"line":76,"column":4}},"line":50},"3":{"name":"logout","decl":{"start":{"line":78,"column":10},"end":{"line":89,"column":4}},"loc":{"start":{"line":78,"column":10},"end":{"line":89,"column":4}},"line":78},"4":{"name":"checkAuth","decl":{"start":{"line":91,"column":13},"end":{"line":118,"column":3}},"loc":{"start":{"line":91,"column":13},"end":{"line":118,"column":3}},"line":91}},"f":{"0":2,"1":4,"2":3,"3":2,"4":3}}
,"/Users/ryoukeyuusuke/simple_notion/frontend/src/tests/helpers.ts": {"path":"/Users/ryoukeyuusuke/simple_notion/frontend/src/tests/helpers.ts","all":true,"statementMap":{"0":{"start":{"line":1,"column":0},"end":{"line":1,"column":27}},"4":{"start":{"line":5,"column":0},"end":{"line":5,"column":57}},"5":{"start":{"line":6,"column":0},"end":{"line":6,"column":28}},"6":{"start":{"line":7,"column":0},"end":{"line":7,"column":25}},"7":{"start":{"line":8,"column":0},"end":{"line":8,"column":17}},"8":{"start":{"line":9,"column":0},"end":{"line":9,"column":17}},"9":{"start":{"line":10,"column":0},"end":{"line":10,"column":20}},"10":{"start":{"line":11,"column":0},"end":{"line":11,"column":18}},"11":{"start":{"line":12,"column":0},"end":{"line":12,"column":21}},"12":{"start":{"line":13,"column":0},"end":{"line":13,"column":15}},"13":{"start":{"line":14,"column":0},"end":{"line":14,"column":2}},"16":{"start":{"line":17,"column":0},"end":{"line":17,"column":56}},"17":{"start":{"line":18,"column":0},"end":{"line":18,"column":8}},"18":{"start":{"line":19,"column":0},"end":{"line":19,"column":25}},"19":{"start":{"line":20,"column":0},"end":{"line":20,"column":26}},"20":{"start":{"line":21,"column":0},"end":{"line":21,"column":37}},"21":{"start":{"line":22,"column":0},"end":{"line":22,"column":37}},"22":{"start":{"line":23,"column":0},"end":{"line":23,"column":15}},"23":{"start":{"line":24,"column":0},"end":{"line":24,"column":2}},"25":{"start":{"line":26,"column":0},"end":{"line":26,"column":52}},"26":{"start":{"line":27,"column":0},"end":{"line":27,"column":8}},"27":{"start":{"line":28,"column":0},"end":{"line":28,"column":28}},"28":{"start":{"line":29,"column":0},"end":{"line":29,"column":20}},"29":{"start":{"line":30,"column":0},"end":{"line":30,"column":37}},"30":{"start":{"line":31,"column":0},"end":{"line":31,"column":15}},"31":{"start":{"line":32,"column":0},"end":{"line":32,"column":2}},"34":{"start":{"line":35,"column":0},"end":{"line":35,"column":60}},"35":{"start":{"line":36,"column":0},"end":{"line":36,"column":44}},"36":{"start":{"line":37,"column":0},"end":{"line":37,"column":7}},"37":{"start":{"line":38,"column":0},"end":{"line":38,"column":46}},"38":{"start":{"line":39,"column":0},"end":{"line":39,"column":62}},"39":{"start":{"line":40,"column":0},"end":{"line":40,"column":4}},"40":{"start":{"line":41,"column":0},"end":{"line":41,"column":1}},"43":{"start":{"line":44,"column":0},"end":{"line":44,"column":41}},"44":{"start":{"line":45,"column":0},"end":{"line":45,"column":61}},"45":{"start":{"line":46,"column":0},"end":{"line":46,"column":21}},"46":{"start":{"line":47,"column":0},"end":{"line":47,"column":23}},"47":{"start":{"line":48,"column":0},"end":{"line":48,"column":24}},"48":{"start":{"line":49,"column":0},"end":{"line":49,"column":5}},"49":{"start":{"line":50,"column":0},"end":{"line":50,"column":1}},"52":{"start":{"line":53,"column":0},"end":{"line":53,"column":39}},"53":{"start":{"line":54,"column":0},"end":{"line":54,"column":28}},"54":{"start":{"line":55,"column":0},"end":{"line":55,"column":21}},"55":{"start":{"line":56,"column":0},"end":{"line":56,"column":21}},"56":{"start":{"line":57,"column":0},"end":{"line":57,"column":24}},"57":{"start":{"line":58,"column":0},"end":{"line":58,"column":19}},"58":{"start":{"line":59,"column":0},"end":{"line":59,"column":3}},"60":{"start":{"line":61,"column":0},"end":{"line":61,"column":49}},"61":{"start":{"line":62,"column":0},"end":{"line":62,"column":28}},"62":{"start":{"line":63,"column":0},"end":{"line":63,"column":4}},"64":{"start":{"line":65,"column":0},"end":{"line":65,"column":25}},"65":{"start":{"line":66,"column":0},"end":{"line":66,"column":1}}},"s":{"0":0,"4":0,"5":0,"6":0,"7":0,"8":0,"9":0,"10":0,"11":0,"12":0,"13":0,"16":0,"17":0,"18":0,"19":0,"20":0,"21":0,"22":0,"23":0,"25":0,"26":0,"27":0,"28":0,"29":0,"30":0,"31":0,"34":0,"35":0,"36":0,"37":0,"38":0,"39":0,"40":0,"43":0,"44":0,"45":0,"46":0,"47":0,"48":0,"49":0,"52":0,"53":0,"54":0,"55":0,"56":0,"57":0,"58":0,"60":0,"61":0,"62":0,"64":0,"65":0},"branchMap":{"0":{"type":"branch","line":1,"loc":{"start":{"line":1,"column":1463},"end":{"line":66,"column":1}},"locations":[{"start":{"line":1,"column":1463},"end":{"line":66,"column":1}}]}},"b":{"0":[0]},"fnMap":{"0":{"name":"(empty-report)","decl":{"start":{"line":1,"column":1463},"end":{"line":66,"column":1}},"loc":{"start":{"line":1,"column":1463},"end":{"line":66,"column":1}},"line":1}},"f":{"0":0}}
,"/Users/ryoukeyuusuke/simple_notion/frontend/src/types/index.ts": {"path":"/Users/ryoukeyuusuke/simple_notion/frontend/src/types/index.ts","all":true,"statementMap":{},"s":{},"branchMap":{"0":{"type":"branch","line":1,"loc":{"start":{"line":1,"column":517},"end":{"line":32,"column":1}},"locations":[{"start":{"line":1,"column":517},"end":{"line":32,"column":1}}]}},"b":{"0":[1]},"fnMap":{"0":{"name":"(empty-report)","decl":{"start":{"line":1,"column":517},"end":{"line":32,"column":1}},"loc":{"start":{"line":1,"column":517},"end":{"line":32,"column":1}},"line":1}},"f":{"0":1}}
}
